<?xml version="1.0" encoding="UTF-8"?>
<!-- Generated by org.testng.reporters.JUnitXMLReporter -->
<testsuite hostname="LAP-TZD-1x74463" ignored="7" name="Default test(failed)(failed)(failed)(failed)(failed)(failed)" tests="15" failures="0" timestamp="18 Feb 2020 19:53:53 GMT" time="177.742" errors="0">
  <testcase name="@BeforeClass openurl" time="165.751" classname="com.racqa.tests.DetailPageFieldValidationTest">
    <failure type="java.lang.AssertionError" message="due to continue api expected [true] but found [false]">
      <![CDATA[java.lang.AssertionError: due to continue api expected [true] but found [false]
	at com.racqa.pages.CompareTravelInsurancePage.getSingleTripClickContinue(CompareTravelInsurancePage.java:43)
	at com.racqa.tests.DetailPageFieldValidationTest.openurl(DetailPageFieldValidationTest.java:27)
... Removed 28 stack frames]]>
    </failure>
  </testcase> <!-- @BeforeClass openurl -->
  <testcase name="@AfterClass aftersuite" time="0.0" classname="com.racqa.tests.BaseTest">
    <skipped/>
  </testcase> <!-- @AfterClass aftersuite -->
  <testcase name="testBlankFieldForPrimarytravellerDOB" time="0.0" classname="com.racqa.tests.DetailPageFieldValidationTest">
    <skipped/>
  </testcase> <!-- testBlankFieldForPrimarytravellerDOB -->
  <testcase name="testBlankFieldForSecondarytravellerDOB" time="0.0" classname="com.racqa.tests.DetailPageFieldValidationTest">
    <skipped/>
  </testcase> <!-- testBlankFieldForSecondarytravellerDOB -->
  <testcase name="testBlankFieldForStreet" time="0.0" classname="com.racqa.tests.DetailPageFieldValidationTest">
    <skipped/>
  </testcase> <!-- testBlankFieldForStreet -->
  <testcase name="testBlankFieldForSuburb" time="0.0" classname="com.racqa.tests.DetailPageFieldValidationTest">
    <skipped/>
  </testcase> <!-- testBlankFieldForSuburb -->
  <testcase name="testBlankFieldForPinCode" time="0.0" classname="com.racqa.tests.DetailPageFieldValidationTest">
    <skipped/>
  </testcase> <!-- testBlankFieldForPinCode -->
  <testcase name="testBlankFieldForEmail" time="0.0" classname="com.racqa.tests.DetailPageFieldValidationTest">
    <skipped/>
  </testcase> <!-- testBlankFieldForEmail -->
  <testcase name="testBlankFieldForConfirmEmail" time="0.0" classname="com.racqa.tests.DetailPageFieldValidationTest">
    <skipped/>
  </testcase> <!-- testBlankFieldForConfirmEmail -->
  <testcase name="testBlankFieldForPhoneNo" time="0.0" classname="com.racqa.tests.DetailPageFieldValidationTest">
    <skipped/>
  </testcase> <!-- testBlankFieldForPhoneNo -->
  <testcase name="testInvalidPinCode" time="0.0" classname="com.racqa.tests.DetailPageFieldValidationTest">
    <skipped/>
  </testcase> <!-- testInvalidPinCode -->
  <testcase name="testForInvalidEmailFormat" time="0.0" classname="com.racqa.tests.DetailPageFieldValidationTest">
    <skipped/>
  </testcase> <!-- testForInvalidEmailFormat -->
  <testcase name="testForInvalidConFirmEmailFormat" time="0.0" classname="com.racqa.tests.DetailPageFieldValidationTest">
    <skipped/>
  </testcase> <!-- testForInvalidConFirmEmailFormat -->
  <testcase name="testForMisMatchOfEmailAndConfirmEmail" time="0.0" classname="com.racqa.tests.DetailPageFieldValidationTest">
    <skipped/>
  </testcase> <!-- testForMisMatchOfEmailAndConfirmEmail -->
  <testcase name="testForInvalidMobileNo" time="0.0" classname="com.racqa.tests.DetailPageFieldValidationTest">
    <skipped/>
  </testcase> <!-- testForInvalidMobileNo -->
  <testcase name="testAddDependent" time="0.0" classname="com.racqa.tests.DetailPageFieldValidationTest">
    <skipped/>
  </testcase> <!-- testAddDependent -->
  <testcase name="testDeleteDependent" time="0.0" classname="com.racqa.tests.DetailPageFieldValidationTest">
    <skipped/>
  </testcase> <!-- testDeleteDependent -->
  <testcase name="getSecondaryAgeDetails18to85SkiWinterSPorts" time="0.0" classname="com.racqa.tests.DetailPageFieldValidationTest">
    <ignored/>
  </testcase> <!-- getSecondaryAgeDetails18to85SkiWinterSPorts -->
  <testcase name="testBlankFieldForSecondarytravellerFirstName" time="0.0" classname="com.racqa.tests.DetailPageFieldValidationTest">
    <ignored/>
  </testcase> <!-- testBlankFieldForSecondarytravellerFirstName -->
  <testcase name="testBlankFieldForSecondarytravellerLastName" time="0.0" classname="com.racqa.tests.DetailPageFieldValidationTest">
    <ignored/>
  </testcase> <!-- testBlankFieldForSecondarytravellerLastName -->
  <testcase name="getDOBDetailsPageMismatchWithGetAQuote" time="0.0" classname="com.racqa.tests.DetailPageFieldValidationTest">
    <ignored/>
  </testcase> <!-- getDOBDetailsPageMismatchWithGetAQuote -->
  <testcase name="getPrimaryAgeDetails18to85SkiWinterSPorts" time="0.0" classname="com.racqa.tests.DetailPageFieldValidationTest">
    <ignored/>
  </testcase> <!-- getPrimaryAgeDetails18to85SkiWinterSPorts -->
  <testcase name="testBlankFieldForPrimarytravellerLasttName" time="0.0" classname="com.racqa.tests.DetailPageFieldValidationTest">
    <ignored/>
  </testcase> <!-- testBlankFieldForPrimarytravellerLasttName -->
  <testcase name="testBlankFieldForPrimarytravellerFirstName" time="0.0" classname="com.racqa.tests.DetailPageFieldValidationTest">
    <ignored/>
  </testcase> <!-- testBlankFieldForPrimarytravellerFirstName -->
</testsuite> <!-- Default test(failed)(failed)(failed)(failed)(failed)(failed) -->
