<html>
<head>
<title>TestNG:  Test</title>
<link href="../testng.css" rel="stylesheet" type="text/css" />
<link href="../my-testng.css" rel="stylesheet" type="text/css" />

<style type="text/css">
.log { display: none;} 
.stack-trace { display: none;} 
</style>
<script type="text/javascript">
<!--
function flip(e) {
  current = e.style.display;
  if (current == 'block') {
    e.style.display = 'none';
    return 0;
  }
  else {
    e.style.display = 'block';
    return 1;
  }
}

function toggleBox(szDivId, elem, msg1, msg2)
{
  var res = -1;  if (document.getElementById) {
    res = flip(document.getElementById(szDivId));
  }
  else if (document.all) {
    // this is the way old msie versions work
    res = flip(document.all[szDivId]);
  }
  if(elem) {
    if(res == 0) elem.innerHTML = msg1; else elem.innerHTML = msg2;
  }

}

function toggleAllBoxes() {
  if (document.getElementsByTagName) {
    d = document.getElementsByTagName('div');
    for (i = 0; i < d.length; i++) {
      if (d[i].className == 'log') {
        flip(d[i]);
      }
    }
  }
}

// -->
</script>

</head>
<body>
<h2 align='center'>Test</h2><table border='1' align="center">
<tr>
<td>Tests passed/Failed/Skipped:</td><td>0/0/35</td>
</tr><tr>
<td>Started on:</td><td>Fri Feb 21 20:27:18 IST 2020</td>
</tr>
<tr><td>Total time:</td><td>96 seconds (96869 ms)</td>
</tr><tr>
<td>Included groups:</td><td></td>
</tr><tr>
<td>Excluded groups:</td><td></td>
</tr>
</table><p/>
<small><i>(Hover the method name to see the test class name)</i></small><p/>
<table width='100%' border='1' class='invocation-failed'>
<tr><td colspan='4' align='center'><b>FAILED CONFIGURATIONS</b></td></tr>
<tr><td><b>Test method</b></td>
<td width="30%"><b>Exception</b></td>
<td width="10%"><b>Time (seconds)</b></td>
<td><b>Instance</b></td>
</tr>
<tr>
<td title='com.rac.tests.PaymentPageFunctionalityValidation.preRequisite()'><b>preRequisite</b><br>Test class: com.rac.tests.PaymentPageFunctionalityValidation</td>
<td><div><pre>org.openqa.selenium.remote.UnreachableBrowserException: Error communicating with the remote browser. It may have died.
Build info: version: &apos;4.0.0-alpha-4&apos;, revision: &apos;c2d955b49e&apos;
System info: host: &apos;LAP-TZD-0X73500&apos;, ip: &apos;172.19.202.2&apos;, os.name: &apos;Windows 10&apos;, os.arch: &apos;amd64&apos;, os.version: &apos;10.0&apos;, java.version: &apos;1.8.0_231&apos;
Driver info: driver.version: RemoteWebDriver
Capabilities {acceptInsecureCerts: false, browserName: chrome, browserVersion: 80.0.3987.116, chrome: {chromedriverVersion: 79.0.3945.36 (3582db32b3389..., userDataDir: C:\Users\VIDHUK~1.VIK\AppDa...}, goog:chromeOptions: {debuggerAddress: localhost:63304}, javascriptEnabled: true, networkConnectionEnabled: false, pageLoadStrategy: normal, platform: WINDOWS, platformName: WINDOWS, proxy: Proxy(), setWindowRect: true, strictFileInteractability: false, timeouts: {implicit: 0, pageLoad: 300000, script: 30000}, unhandledPromptBehavior: dismiss and notify}
Session ID: 578fdc0b9ab2b87c30dc648bc242b0ec
	at org.openqa.selenium.remote.RemoteWebDriver.execute(RemoteWebDriver.java:603)
	at org.openqa.selenium.remote.RemoteWebDriver.findElement(RemoteWebDriver.java:333)
	at org.openqa.selenium.remote.RemoteWebDriver.findElementByCssSelector(RemoteWebDriver.java:441)
	at org.openqa.selenium.By$ByCssSelector.findElement(By.java:494)
	at org.openqa.selenium.remote.RemoteWebDriver.findElement(RemoteWebDriver.java:325)
	at org.openqa.selenium.support.ui.ExpectedConditions$7.apply(ExpectedConditions.java:205)
	at org.openqa.selenium.support.ui.ExpectedConditions$7.apply(ExpectedConditions.java:201)
	at org.openqa.selenium.support.ui.FluentWait.until(FluentWait.java:211)
	at com.rac.pages.BasePage.waitForVisible(BasePage.java:50)
	at com.rac.pages.GetAQuotePage.getSingleTripGetQuote(GetAQuotePage.java:98)
	at com.rac.tests.PaymentPageFunctionalityValidation.preRequisite(PaymentPageFunctionalityValidation.java:36)
Caused by: java.lang.RuntimeException: NettyHttpHandler request execution error
	at org.openqa.selenium.remote.http.netty.NettyHttpHandler.makeCall(NettyHttpHandler.java:61)
	at org.openqa.selenium.remote.http.AddSeleniumUserAgent.lambda$apply$0(AddSeleniumUserAgent.java:42)
	at org.openqa.selenium.remote.http.Filter.lambda$andFinally$1(Filter.java:55)
	at org.openqa.selenium.remote.http.netty.NettyHttpHandler.execute(NettyHttpHandler.java:45)
	at org.openqa.selenium.remote.http.AddSeleniumUserAgent.lambda$apply$0(AddSeleniumUserAgent.java:42)
	at org.openqa.selenium.remote.http.Filter.lambda$andFinally$1(Filter.java:55)
	at org.openqa.selenium.remote.http.netty.NettyClient.execute(NettyClient.java:43)
	at org.openqa.selenium.remote.HttpCommandExecutor.execute(HttpCommandExecutor.java:158)
	at org.openqa.selenium.remote.service.DriverCommandExecutor.execute(DriverCommandExecutor.java:83)
	at org.openqa.selenium.remote.RemoteWebDriver.execute(RemoteWebDriver.java:582)
	... 34 more
Caused by: java.util.concurrent.ExecutionException: java.net.ConnectException: Connection refused: no further information: localhost/0:0:0:0:0:0:0:1:37299
	at java.util.concurrent.CompletableFuture.reportGet(Unknown Source)
	at java.util.concurrent.CompletableFuture.get(Unknown Source)
	at org.asynchttpclient.netty.NettyResponseFuture.get(NettyResponseFuture.java:201)
	at org.openqa.selenium.remote.http.netty.NettyHttpHandler.makeCall(NettyHttpHandler.java:55)
	... 43 more
Caused by: java.net.ConnectException: Connection refused: no further information: localhost/0:0:0:0:0:0:0:1:37299
	at org.asynchttpclient.netty.channel.NettyConnectListener.onFailure(NettyConnectListener.java:179)
	at org.asynchttpclient.netty.channel.NettyChannelConnector$1.onFailure(NettyChannelConnector.java:108)
	at org.asynchttpclient.netty.SimpleChannelFutureListener.operationComplete(SimpleChannelFutureListener.java:28)
	at org.asynchttpclient.netty.SimpleChannelFutureListener.operationComplete(SimpleChannelFutureListener.java:20)
	at io.netty.util.concurrent.DefaultPromise.notifyListener0(DefaultPromise.java:577)
	at io.netty.util.concurrent.DefaultPromise.notifyListeners0(DefaultPromise.java:570)
	at io.netty.util.concurrent.DefaultPromise.notifyListenersNow(DefaultPromise.java:549)
	at io.netty.util.concurrent.DefaultPromise.notifyListeners(DefaultPromise.java:490)
	at io.netty.util.concurrent.DefaultPromise.setValue0(DefaultPromise.java:615)
	at io.netty.util.concurrent.DefaultPromise.setFailure0(DefaultPromise.java:608)
	at io.netty.util.concurrent.DefaultPromise.tryFailure(DefaultPromise.java:117)
	at io.netty.channel.nio.AbstractNioChannel$AbstractNioUnsafe.fulfillConnectPromise(AbstractNioChannel.java:321)
	at io.netty.channel.nio.AbstractNioChannel$AbstractNioUnsafe.finishConnect(AbstractNioChannel.java:337)
	at io.netty.channel.nio.NioEventLoop.processSelectedKey(NioEventLoop.java:688)
	at io.netty.channel.nio.NioEventLoop.processSelectedKeysOptimized(NioEventLoop.java:635)
	at io.netty.channel.nio.NioEventLoop.processSelectedKeys(NioEventLoop.java:552)
	at io.netty.channel.nio.NioEventLoop.run(NioEventLoop.java:514)
	at io.netty.util.concurrent.SingleThreadEventExecutor$6.run(SingleThreadEventExecutor.java:1050)
	at io.netty.util.internal.ThreadExecutorMap$2.run(ThreadExecutorMap.java:74)
	at io.netty.util.concurrent.FastThreadLocalRunnable.run(FastThreadLocalRunnable.java:30)
	at java.lang.Thread.run(Unknown Source)
Caused by: io.netty.channel.AbstractChannel$AnnotatedConnectException: Connection refused: no further information: localhost/0:0:0:0:0:0:0:1:37299
Caused by: java.net.ConnectException: Connection refused: no further information
	at sun.nio.ch.SocketChannelImpl.checkConnect(Native Method)
	at sun.nio.ch.SocketChannelImpl.finishConnect(Unknown Source)
	at io.netty.channel.socket.nio.NioSocketChannel.doFinishConnect(NioSocketChannel.java:330)
	at io.netty.channel.nio.AbstractNioChannel$AbstractNioUnsafe.finishConnect(AbstractNioChannel.java:334)
	at io.netty.channel.nio.NioEventLoop.processSelectedKey(NioEventLoop.java:688)
	at io.netty.channel.nio.NioEventLoop.processSelectedKeysOptimized(NioEventLoop.java:635)
	at io.netty.channel.nio.NioEventLoop.processSelectedKeys(NioEventLoop.java:552)
	at io.netty.channel.nio.NioEventLoop.run(NioEventLoop.java:514)
	at io.netty.util.concurrent.SingleThreadEventExecutor$6.run(SingleThreadEventExecutor.java:1050)
	at io.netty.util.internal.ThreadExecutorMap$2.run(ThreadExecutorMap.java:74)
	at io.netty.util.concurrent.FastThreadLocalRunnable.run(FastThreadLocalRunnable.java:30)
	at java.lang.Thread.run(Unknown Source)
... Removed 24 stack frames</pre></div><a href='#' onClick='toggleBox("stack-trace548795052", this, "Click to show all stack frames", "Click to hide stack frames")'>Click to show all stack frames</a>
<div class='stack-trace' id='stack-trace548795052'><pre>org.openqa.selenium.remote.UnreachableBrowserException: Error communicating with the remote browser. It may have died.
Build info: version: &apos;4.0.0-alpha-4&apos;, revision: &apos;c2d955b49e&apos;
System info: host: &apos;LAP-TZD-0X73500&apos;, ip: &apos;172.19.202.2&apos;, os.name: &apos;Windows 10&apos;, os.arch: &apos;amd64&apos;, os.version: &apos;10.0&apos;, java.version: &apos;1.8.0_231&apos;
Driver info: driver.version: RemoteWebDriver
Capabilities {acceptInsecureCerts: false, browserName: chrome, browserVersion: 80.0.3987.116, chrome: {chromedriverVersion: 79.0.3945.36 (3582db32b3389..., userDataDir: C:\Users\VIDHUK~1.VIK\AppDa...}, goog:chromeOptions: {debuggerAddress: localhost:63304}, javascriptEnabled: true, networkConnectionEnabled: false, pageLoadStrategy: normal, platform: WINDOWS, platformName: WINDOWS, proxy: Proxy(), setWindowRect: true, strictFileInteractability: false, timeouts: {implicit: 0, pageLoad: 300000, script: 30000}, unhandledPromptBehavior: dismiss and notify}
Session ID: 578fdc0b9ab2b87c30dc648bc242b0ec
	at org.openqa.selenium.remote.RemoteWebDriver.execute(RemoteWebDriver.java:603)
	at org.openqa.selenium.remote.RemoteWebDriver.findElement(RemoteWebDriver.java:333)
	at org.openqa.selenium.remote.RemoteWebDriver.findElementByCssSelector(RemoteWebDriver.java:441)
	at org.openqa.selenium.By$ByCssSelector.findElement(By.java:494)
	at org.openqa.selenium.remote.RemoteWebDriver.findElement(RemoteWebDriver.java:325)
	at org.openqa.selenium.support.ui.ExpectedConditions$7.apply(ExpectedConditions.java:205)
	at org.openqa.selenium.support.ui.ExpectedConditions$7.apply(ExpectedConditions.java:201)
	at org.openqa.selenium.support.ui.FluentWait.until(FluentWait.java:211)
	at com.rac.pages.BasePage.waitForVisible(BasePage.java:50)
	at com.rac.pages.GetAQuotePage.getSingleTripGetQuote(GetAQuotePage.java:98)
	at com.rac.tests.PaymentPageFunctionalityValidation.preRequisite(PaymentPageFunctionalityValidation.java:36)
	at sun.reflect.NativeMethodAccessorImpl.invoke0(Native Method)
	at sun.reflect.NativeMethodAccessorImpl.invoke(Unknown Source)
	at sun.reflect.DelegatingMethodAccessorImpl.invoke(Unknown Source)
	at java.lang.reflect.Method.invoke(Unknown Source)
	at org.testng.internal.MethodInvocationHelper.invokeMethod(MethodInvocationHelper.java:86)
	at org.testng.internal.Invoker.invokeConfigurationMethod(Invoker.java:514)
	at org.testng.internal.Invoker.invokeConfigurations(Invoker.java:215)
	at org.testng.internal.Invoker.invokeConfigurations(Invoker.java:142)
	at org.testng.internal.TestMethodWorker.invokeBeforeClassMethods(TestMethodWorker.java:178)
	at org.testng.internal.TestMethodWorker.run(TestMethodWorker.java:108)
	at org.testng.TestRunner.privateRun(TestRunner.java:782)
	at org.testng.TestRunner.run(TestRunner.java:632)
	at org.testng.SuiteRunner.runTest(SuiteRunner.java:366)
	at org.testng.SuiteRunner.runSequentially(SuiteRunner.java:361)
	at org.testng.SuiteRunner.privateRun(SuiteRunner.java:319)
	at org.testng.SuiteRunner.run(SuiteRunner.java:268)
	at org.testng.SuiteRunnerWorker.runSuite(SuiteRunnerWorker.java:52)
	at org.testng.SuiteRunnerWorker.run(SuiteRunnerWorker.java:86)
	at org.testng.TestNG.runSuitesSequentially(TestNG.java:1244)
	at org.testng.TestNG.runSuitesLocally(TestNG.java:1169)
	at org.testng.TestNG.run(TestNG.java:1064)
	at org.testng.remote.RemoteTestNG.run(RemoteTestNG.java:113)
	at org.testng.remote.RemoteTestNG.initAndRun(RemoteTestNG.java:206)
	at org.testng.remote.RemoteTestNG.main(RemoteTestNG.java:177)
Caused by: java.lang.RuntimeException: NettyHttpHandler request execution error
	at org.openqa.selenium.remote.http.netty.NettyHttpHandler.makeCall(NettyHttpHandler.java:61)
	at org.openqa.selenium.remote.http.AddSeleniumUserAgent.lambda$apply$0(AddSeleniumUserAgent.java:42)
	at org.openqa.selenium.remote.http.Filter.lambda$andFinally$1(Filter.java:55)
	at org.openqa.selenium.remote.http.netty.NettyHttpHandler.execute(NettyHttpHandler.java:45)
	at org.openqa.selenium.remote.http.AddSeleniumUserAgent.lambda$apply$0(AddSeleniumUserAgent.java:42)
	at org.openqa.selenium.remote.http.Filter.lambda$andFinally$1(Filter.java:55)
	at org.openqa.selenium.remote.http.netty.NettyClient.execute(NettyClient.java:43)
	at org.openqa.selenium.remote.HttpCommandExecutor.execute(HttpCommandExecutor.java:158)
	at org.openqa.selenium.remote.service.DriverCommandExecutor.execute(DriverCommandExecutor.java:83)
	at org.openqa.selenium.remote.RemoteWebDriver.execute(RemoteWebDriver.java:582)
	... 34 more
Caused by: java.util.concurrent.ExecutionException: java.net.ConnectException: Connection refused: no further information: localhost/0:0:0:0:0:0:0:1:37299
	at java.util.concurrent.CompletableFuture.reportGet(Unknown Source)
	at java.util.concurrent.CompletableFuture.get(Unknown Source)
	at org.asynchttpclient.netty.NettyResponseFuture.get(NettyResponseFuture.java:201)
	at org.openqa.selenium.remote.http.netty.NettyHttpHandler.makeCall(NettyHttpHandler.java:55)
	... 43 more
Caused by: java.net.ConnectException: Connection refused: no further information: localhost/0:0:0:0:0:0:0:1:37299
	at org.asynchttpclient.netty.channel.NettyConnectListener.onFailure(NettyConnectListener.java:179)
	at org.asynchttpclient.netty.channel.NettyChannelConnector$1.onFailure(NettyChannelConnector.java:108)
	at org.asynchttpclient.netty.SimpleChannelFutureListener.operationComplete(SimpleChannelFutureListener.java:28)
	at org.asynchttpclient.netty.SimpleChannelFutureListener.operationComplete(SimpleChannelFutureListener.java:20)
	at io.netty.util.concurrent.DefaultPromise.notifyListener0(DefaultPromise.java:577)
	at io.netty.util.concurrent.DefaultPromise.notifyListeners0(DefaultPromise.java:570)
	at io.netty.util.concurrent.DefaultPromise.notifyListenersNow(DefaultPromise.java:549)
	at io.netty.util.concurrent.DefaultPromise.notifyListeners(DefaultPromise.java:490)
	at io.netty.util.concurrent.DefaultPromise.setValue0(DefaultPromise.java:615)
	at io.netty.util.concurrent.DefaultPromise.setFailure0(DefaultPromise.java:608)
	at io.netty.util.concurrent.DefaultPromise.tryFailure(DefaultPromise.java:117)
	at io.netty.channel.nio.AbstractNioChannel$AbstractNioUnsafe.fulfillConnectPromise(AbstractNioChannel.java:321)
	at io.netty.channel.nio.AbstractNioChannel$AbstractNioUnsafe.finishConnect(AbstractNioChannel.java:337)
	at io.netty.channel.nio.NioEventLoop.processSelectedKey(NioEventLoop.java:688)
	at io.netty.channel.nio.NioEventLoop.processSelectedKeysOptimized(NioEventLoop.java:635)
	at io.netty.channel.nio.NioEventLoop.processSelectedKeys(NioEventLoop.java:552)
	at io.netty.channel.nio.NioEventLoop.run(NioEventLoop.java:514)
	at io.netty.util.concurrent.SingleThreadEventExecutor$6.run(SingleThreadEventExecutor.java:1050)
	at io.netty.util.internal.ThreadExecutorMap$2.run(ThreadExecutorMap.java:74)
	at io.netty.util.concurrent.FastThreadLocalRunnable.run(FastThreadLocalRunnable.java:30)
	at java.lang.Thread.run(Unknown Source)
Caused by: io.netty.channel.AbstractChannel$AnnotatedConnectException: Connection refused: no further information: localhost/0:0:0:0:0:0:0:1:37299
Caused by: java.net.ConnectException: Connection refused: no further information
	at sun.nio.ch.SocketChannelImpl.checkConnect(Native Method)
	at sun.nio.ch.SocketChannelImpl.finishConnect(Unknown Source)
	at io.netty.channel.socket.nio.NioSocketChannel.doFinishConnect(NioSocketChannel.java:330)
	at io.netty.channel.nio.AbstractNioChannel$AbstractNioUnsafe.finishConnect(AbstractNioChannel.java:334)
	at io.netty.channel.nio.NioEventLoop.processSelectedKey(NioEventLoop.java:688)
	at io.netty.channel.nio.NioEventLoop.processSelectedKeysOptimized(NioEventLoop.java:635)
	at io.netty.channel.nio.NioEventLoop.processSelectedKeys(NioEventLoop.java:552)
	at io.netty.channel.nio.NioEventLoop.run(NioEventLoop.java:514)
	at io.netty.util.concurrent.SingleThreadEventExecutor$6.run(SingleThreadEventExecutor.java:1050)
	at io.netty.util.internal.ThreadExecutorMap$2.run(ThreadExecutorMap.java:74)
	at io.netty.util.concurrent.FastThreadLocalRunnable.run(FastThreadLocalRunnable.java:30)
	at java.lang.Thread.run(Unknown Source)
</pre></div></td>
<td>0</td>
<td>com.rac.tests.PaymentPageFunctionalityValidation@35f983a6</td></tr>
</table><p>
<table width='100%' border='1' class='invocation-skipped'>
<tr><td colspan='4' align='center'><b>SKIPPED CONFIGURATIONS</b></td></tr>
<tr><td><b>Test method</b></td>
<td width="30%"><b>Exception</b></td>
<td width="10%"><b>Time (seconds)</b></td>
<td><b>Instance</b></td>
</tr>
<tr>
<td title='com.rac.tests.DetailPageFieldValidationTest.setup()'><b>setup</b><br>Test class: com.rac.tests.DetailPageFieldValidationTest</td>
<td></td>
<td>0</td>
<td>com.rac.tests.DetailPageFieldValidationTest@7f690630</td></tr>
<tr>
<td title='com.rac.tests.DetailPageFieldValidationTest.openurl()'><b>openurl</b><br>Test class: com.rac.tests.DetailPageFieldValidationTest</td>
<td></td>
<td>0</td>
<td>com.rac.tests.DetailPageFieldValidationTest@7f690630</td></tr>
<tr>
<td title='com.rac.tests.CompareAndTravelFunctionalityValidationTest.setup()'><b>setup</b><br>Test class: com.rac.tests.CompareAndTravelFunctionalityValidationTest</td>
<td></td>
<td>0</td>
<td>com.rac.tests.CompareAndTravelFunctionalityValidationTest@edf4efb</td></tr>
<tr>
<td title='com.rac.tests.CompareAndTravelFunctionalityValidationTest.openurl()'><b>openurl</b><br>Test class: com.rac.tests.CompareAndTravelFunctionalityValidationTest</td>
<td></td>
<td>0</td>
<td>com.rac.tests.CompareAndTravelFunctionalityValidationTest@edf4efb</td></tr>
<tr>
<td title='com.rac.tests.CompareAndTravelFunctionalityValidationTest.openurl()'><b>openurl</b><br>Test class: com.rac.tests.CompareAndTravelFunctionalityValidationTest</td>
<td></td>
<td>0</td>
<td>com.rac.tests.CompareAndTravelFunctionalityValidationTest@edf4efb</td></tr>
<tr>
<td title='com.rac.tests.CompareAndTravelFunctionalityValidationTest.openurl()'><b>openurl</b><br>Test class: com.rac.tests.CompareAndTravelFunctionalityValidationTest</td>
<td></td>
<td>0</td>
<td>com.rac.tests.CompareAndTravelFunctionalityValidationTest@edf4efb</td></tr>
<tr>
<td title='com.rac.tests.CompareAndTravelFunctionalityValidationTest.openurl()'><b>openurl</b><br>Test class: com.rac.tests.CompareAndTravelFunctionalityValidationTest</td>
<td></td>
<td>0</td>
<td>com.rac.tests.CompareAndTravelFunctionalityValidationTest@edf4efb</td></tr>
<tr>
<td title='com.rac.tests.CompareAndTravelFunctionalityValidationTest.openurl()'><b>openurl</b><br>Test class: com.rac.tests.CompareAndTravelFunctionalityValidationTest</td>
<td></td>
<td>0</td>
<td>com.rac.tests.CompareAndTravelFunctionalityValidationTest@edf4efb</td></tr>
<tr>
<td title='com.rac.tests.CompareAndTravelFunctionalityValidationTest.openurl()'><b>openurl</b><br>Test class: com.rac.tests.CompareAndTravelFunctionalityValidationTest</td>
<td></td>
<td>0</td>
<td>com.rac.tests.CompareAndTravelFunctionalityValidationTest@edf4efb</td></tr>
<tr>
<td title='com.rac.tests.PaymentPageFunctionalityValidation.refreshBrowser()'><b>refreshBrowser</b><br>Test class: com.rac.tests.PaymentPageFunctionalityValidation</td>
<td></td>
<td>0</td>
<td>com.rac.tests.PaymentPageFunctionalityValidation@35f983a6</td></tr>
<tr>
<td title='com.rac.tests.PaymentPageFunctionalityValidation.refreshBrowser()'><b>refreshBrowser</b><br>Test class: com.rac.tests.PaymentPageFunctionalityValidation</td>
<td></td>
<td>0</td>
<td>com.rac.tests.PaymentPageFunctionalityValidation@35f983a6</td></tr>
<tr>
<td title='com.rac.tests.PaymentPageFunctionalityValidation.refreshBrowser()'><b>refreshBrowser</b><br>Test class: com.rac.tests.PaymentPageFunctionalityValidation</td>
<td></td>
<td>0</td>
<td>com.rac.tests.PaymentPageFunctionalityValidation@35f983a6</td></tr>
<tr>
<td title='com.rac.tests.PaymentPageFunctionalityValidation.refreshBrowser()'><b>refreshBrowser</b><br>Test class: com.rac.tests.PaymentPageFunctionalityValidation</td>
<td></td>
<td>0</td>
<td>com.rac.tests.PaymentPageFunctionalityValidation@35f983a6</td></tr>
<tr>
<td title='com.rac.tests.PaymentPageFunctionalityValidation.refreshBrowser()'><b>refreshBrowser</b><br>Test class: com.rac.tests.PaymentPageFunctionalityValidation</td>
<td></td>
<td>0</td>
<td>com.rac.tests.PaymentPageFunctionalityValidation@35f983a6</td></tr>
<tr>
<td title='com.rac.tests.PaymentPageFunctionalityValidation.refreshBrowser()'><b>refreshBrowser</b><br>Test class: com.rac.tests.PaymentPageFunctionalityValidation</td>
<td></td>
<td>0</td>
<td>com.rac.tests.PaymentPageFunctionalityValidation@35f983a6</td></tr>
<tr>
<td title='com.rac.tests.PaymentPageFunctionalityValidation.refreshBrowser()'><b>refreshBrowser</b><br>Test class: com.rac.tests.PaymentPageFunctionalityValidation</td>
<td></td>
<td>0</td>
<td>com.rac.tests.PaymentPageFunctionalityValidation@35f983a6</td></tr>
<tr>
<td title='com.rac.tests.DetailPageFieldValidationTest.refreshBrowser()'><b>refreshBrowser</b><br>Test class: com.rac.tests.DetailPageFieldValidationTest</td>
<td></td>
<td>0</td>
<td>com.rac.tests.DetailPageFieldValidationTest@7f690630</td></tr>
<tr>
<td title='com.rac.tests.DetailPageFieldValidationTest.refreshBrowser()'><b>refreshBrowser</b><br>Test class: com.rac.tests.DetailPageFieldValidationTest</td>
<td></td>
<td>0</td>
<td>com.rac.tests.DetailPageFieldValidationTest@7f690630</td></tr>
<tr>
<td title='com.rac.tests.DetailPageFieldValidationTest.refreshBrowser()'><b>refreshBrowser</b><br>Test class: com.rac.tests.DetailPageFieldValidationTest</td>
<td></td>
<td>0</td>
<td>com.rac.tests.DetailPageFieldValidationTest@7f690630</td></tr>
<tr>
<td title='com.rac.tests.DetailPageFieldValidationTest.refreshBrowser()'><b>refreshBrowser</b><br>Test class: com.rac.tests.DetailPageFieldValidationTest</td>
<td></td>
<td>0</td>
<td>com.rac.tests.DetailPageFieldValidationTest@7f690630</td></tr>
<tr>
<td title='com.rac.tests.DetailPageFieldValidationTest.refreshBrowser()'><b>refreshBrowser</b><br>Test class: com.rac.tests.DetailPageFieldValidationTest</td>
<td></td>
<td>0</td>
<td>com.rac.tests.DetailPageFieldValidationTest@7f690630</td></tr>
<tr>
<td title='com.rac.tests.DetailPageFieldValidationTest.refreshBrowser()'><b>refreshBrowser</b><br>Test class: com.rac.tests.DetailPageFieldValidationTest</td>
<td></td>
<td>0</td>
<td>com.rac.tests.DetailPageFieldValidationTest@7f690630</td></tr>
<tr>
<td title='com.rac.tests.DetailPageFieldValidationTest.refreshBrowser()'><b>refreshBrowser</b><br>Test class: com.rac.tests.DetailPageFieldValidationTest</td>
<td></td>
<td>0</td>
<td>com.rac.tests.DetailPageFieldValidationTest@7f690630</td></tr>
<tr>
<td title='com.rac.tests.DetailPageFieldValidationTest.refreshBrowser()'><b>refreshBrowser</b><br>Test class: com.rac.tests.DetailPageFieldValidationTest</td>
<td></td>
<td>0</td>
<td>com.rac.tests.DetailPageFieldValidationTest@7f690630</td></tr>
<tr>
<td title='com.rac.tests.DetailPageFieldValidationTest.refreshBrowser()'><b>refreshBrowser</b><br>Test class: com.rac.tests.DetailPageFieldValidationTest</td>
<td></td>
<td>0</td>
<td>com.rac.tests.DetailPageFieldValidationTest@7f690630</td></tr>
<tr>
<td title='com.rac.tests.DetailPageFieldValidationTest.refreshBrowser()'><b>refreshBrowser</b><br>Test class: com.rac.tests.DetailPageFieldValidationTest</td>
<td></td>
<td>0</td>
<td>com.rac.tests.DetailPageFieldValidationTest@7f690630</td></tr>
<tr>
<td title='com.rac.tests.DetailPageFieldValidationTest.refreshBrowser()'><b>refreshBrowser</b><br>Test class: com.rac.tests.DetailPageFieldValidationTest</td>
<td></td>
<td>0</td>
<td>com.rac.tests.DetailPageFieldValidationTest@7f690630</td></tr>
<tr>
<td title='com.rac.tests.DetailPageFieldValidationTest.refreshBrowser()'><b>refreshBrowser</b><br>Test class: com.rac.tests.DetailPageFieldValidationTest</td>
<td></td>
<td>0</td>
<td>com.rac.tests.DetailPageFieldValidationTest@7f690630</td></tr>
<tr>
<td title='com.rac.tests.DetailPageFieldValidationTest.refreshBrowser()'><b>refreshBrowser</b><br>Test class: com.rac.tests.DetailPageFieldValidationTest</td>
<td></td>
<td>0</td>
<td>com.rac.tests.DetailPageFieldValidationTest@7f690630</td></tr>
<tr>
<td title='com.rac.tests.DetailPageFieldValidationTest.refreshBrowser()'><b>refreshBrowser</b><br>Test class: com.rac.tests.DetailPageFieldValidationTest</td>
<td></td>
<td>0</td>
<td>com.rac.tests.DetailPageFieldValidationTest@7f690630</td></tr>
<tr>
<td title='com.rac.tests.DetailPageFieldValidationTest.refreshBrowser()'><b>refreshBrowser</b><br>Test class: com.rac.tests.DetailPageFieldValidationTest</td>
<td></td>
<td>0</td>
<td>com.rac.tests.DetailPageFieldValidationTest@7f690630</td></tr>
<tr>
<td title='com.rac.tests.DetailPageFieldValidationTest.refreshBrowser()'><b>refreshBrowser</b><br>Test class: com.rac.tests.DetailPageFieldValidationTest</td>
<td></td>
<td>0</td>
<td>com.rac.tests.DetailPageFieldValidationTest@7f690630</td></tr>
<tr>
<td title='com.rac.tests.DetailPageFieldValidationTest.refreshBrowser()'><b>refreshBrowser</b><br>Test class: com.rac.tests.DetailPageFieldValidationTest</td>
<td></td>
<td>0</td>
<td>com.rac.tests.DetailPageFieldValidationTest@7f690630</td></tr>
<tr>
<td title='com.rac.tests.DetailPageFieldValidationTest.refreshBrowser()'><b>refreshBrowser</b><br>Test class: com.rac.tests.DetailPageFieldValidationTest</td>
<td></td>
<td>0</td>
<td>com.rac.tests.DetailPageFieldValidationTest@7f690630</td></tr>
<tr>
<td title='com.rac.tests.DetailPageFieldValidationTest.refreshBrowser()'><b>refreshBrowser</b><br>Test class: com.rac.tests.DetailPageFieldValidationTest</td>
<td></td>
<td>0</td>
<td>com.rac.tests.DetailPageFieldValidationTest@7f690630</td></tr>
<tr>
<td title='com.rac.tests.DetailPageFieldValidationTest.refreshBrowser()'><b>refreshBrowser</b><br>Test class: com.rac.tests.DetailPageFieldValidationTest</td>
<td></td>
<td>0</td>
<td>com.rac.tests.DetailPageFieldValidationTest@7f690630</td></tr>
<tr>
<td title='com.rac.tests.DetailPageFieldValidationTest.refreshBrowser()'><b>refreshBrowser</b><br>Test class: com.rac.tests.DetailPageFieldValidationTest</td>
<td></td>
<td>0</td>
<td>com.rac.tests.DetailPageFieldValidationTest@7f690630</td></tr>
<tr>
<td title='com.rac.tests.DetailPageFieldValidationTest.refreshBrowser()'><b>refreshBrowser</b><br>Test class: com.rac.tests.DetailPageFieldValidationTest</td>
<td></td>
<td>0</td>
<td>com.rac.tests.DetailPageFieldValidationTest@7f690630</td></tr>
<tr>
<td title='com.rac.tests.CompareAndTravelFunctionalityValidationTest.refreshBrowser()'><b>refreshBrowser</b><br>Test class: com.rac.tests.CompareAndTravelFunctionalityValidationTest</td>
<td></td>
<td>0</td>
<td>com.rac.tests.CompareAndTravelFunctionalityValidationTest@edf4efb</td></tr>
<tr>
<td title='com.rac.tests.CompareAndTravelFunctionalityValidationTest.refreshBrowser()'><b>refreshBrowser</b><br>Test class: com.rac.tests.CompareAndTravelFunctionalityValidationTest</td>
<td></td>
<td>0</td>
<td>com.rac.tests.CompareAndTravelFunctionalityValidationTest@edf4efb</td></tr>
<tr>
<td title='com.rac.tests.CompareAndTravelFunctionalityValidationTest.refreshBrowser()'><b>refreshBrowser</b><br>Test class: com.rac.tests.CompareAndTravelFunctionalityValidationTest</td>
<td></td>
<td>0</td>
<td>com.rac.tests.CompareAndTravelFunctionalityValidationTest@edf4efb</td></tr>
<tr>
<td title='com.rac.tests.CompareAndTravelFunctionalityValidationTest.refreshBrowser()'><b>refreshBrowser</b><br>Test class: com.rac.tests.CompareAndTravelFunctionalityValidationTest</td>
<td></td>
<td>0</td>
<td>com.rac.tests.CompareAndTravelFunctionalityValidationTest@edf4efb</td></tr>
<tr>
<td title='com.rac.tests.CompareAndTravelFunctionalityValidationTest.refreshBrowser()'><b>refreshBrowser</b><br>Test class: com.rac.tests.CompareAndTravelFunctionalityValidationTest</td>
<td></td>
<td>0</td>
<td>com.rac.tests.CompareAndTravelFunctionalityValidationTest@edf4efb</td></tr>
<tr>
<td title='com.rac.tests.CompareAndTravelFunctionalityValidationTest.refreshBrowser()'><b>refreshBrowser</b><br>Test class: com.rac.tests.CompareAndTravelFunctionalityValidationTest</td>
<td></td>
<td>0</td>
<td>com.rac.tests.CompareAndTravelFunctionalityValidationTest@edf4efb</td></tr>
<tr>
<td title='com.rac.tests.PaymentPageFunctionalityValidation.aftersuite()'><b>aftersuite</b><br>Test class: com.rac.tests.PaymentPageFunctionalityValidation</td>
<td></td>
<td>0</td>
<td>com.rac.tests.PaymentPageFunctionalityValidation@35f983a6</td></tr>
<tr>
<td title='com.rac.tests.DetailPageFieldValidationTest.aftersuite()'><b>aftersuite</b><br>Test class: com.rac.tests.DetailPageFieldValidationTest</td>
<td></td>
<td>0</td>
<td>com.rac.tests.DetailPageFieldValidationTest@7f690630</td></tr>
<tr>
<td title='com.rac.tests.CompareAndTravelFunctionalityValidationTest.aftersuite()'><b>aftersuite</b><br>Test class: com.rac.tests.CompareAndTravelFunctionalityValidationTest</td>
<td></td>
<td>0</td>
<td>com.rac.tests.CompareAndTravelFunctionalityValidationTest@edf4efb</td></tr>
</table><p>
<table width='100%' border='1' class='invocation-skipped'>
<tr><td colspan='4' align='center'><b>SKIPPED TESTS</b></td></tr>
<tr><td><b>Test method</b></td>
<td width="30%"><b>Exception</b></td>
<td width="10%"><b>Time (seconds)</b></td>
<td><b>Instance</b></td>
</tr>
<tr>
<td title='com.rac.tests.DetailPageFieldValidationTest.getDOBDetailsPageMismatchWithGetAQuote()'><b>getDOBDetailsPageMismatchWithGetAQuote</b><br>Test class: com.rac.tests.DetailPageFieldValidationTest<br>Test method: DOB MisMatch With GetAQuote</td>
<td></td>
<td>0</td>
<td>com.rac.tests.DetailPageFieldValidationTest@7f690630</td></tr>
<tr>
<td title='com.rac.tests.DetailPageFieldValidationTest.getPrimaryAgeDetails18to85SkiWinterSPorts()'><b>getPrimaryAgeDetails18to85SkiWinterSPorts</b><br>Test class: com.rac.tests.DetailPageFieldValidationTest<br>Test method: Age of Traveler must be between 18-85 if Ski/Winter Sports is opted</td>
<td></td>
<td>0</td>
<td>com.rac.tests.DetailPageFieldValidationTest@7f690630</td></tr>
<tr>
<td title='com.rac.tests.DetailPageFieldValidationTest.getSecondaryAgeDetails18to85SkiWinterSPorts()'><b>getSecondaryAgeDetails18to85SkiWinterSPorts</b><br>Test class: com.rac.tests.DetailPageFieldValidationTest<br>Test method: Age of Traveler must be between 18-85 if Ski/Winter Sports is opted</td>
<td></td>
<td>0</td>
<td>com.rac.tests.DetailPageFieldValidationTest@7f690630</td></tr>
<tr>
<td title='com.rac.tests.DetailPageFieldValidationTest.testAddDependent()'><b>testAddDependent</b><br>Test class: com.rac.tests.DetailPageFieldValidationTest<br>Test method: Adding Dependent</td>
<td></td>
<td>0</td>
<td>com.rac.tests.DetailPageFieldValidationTest@7f690630</td></tr>
<tr>
<td title='com.rac.tests.DetailPageFieldValidationTest.testBlankFieldForConfirmEmail()'><b>testBlankFieldForConfirmEmail</b><br>Test class: com.rac.tests.DetailPageFieldValidationTest<br>Test method: Blank field validation For Confirm Email Address</td>
<td></td>
<td>0</td>
<td>com.rac.tests.DetailPageFieldValidationTest@7f690630</td></tr>
<tr>
<td title='com.rac.tests.DetailPageFieldValidationTest.testBlankFieldForEmail()'><b>testBlankFieldForEmail</b><br>Test class: com.rac.tests.DetailPageFieldValidationTest<br>Test method: Blank field validation For Email Address</td>
<td></td>
<td>0</td>
<td>com.rac.tests.DetailPageFieldValidationTest@7f690630</td></tr>
<tr>
<td title='com.rac.tests.DetailPageFieldValidationTest.testBlankFieldForPhoneNo()'><b>testBlankFieldForPhoneNo</b><br>Test class: com.rac.tests.DetailPageFieldValidationTest<br>Test method: Blank field validation For Mobile Phone No</td>
<td></td>
<td>0</td>
<td>com.rac.tests.DetailPageFieldValidationTest@7f690630</td></tr>
<tr>
<td title='com.rac.tests.DetailPageFieldValidationTest.testBlankFieldForPinCode()'><b>testBlankFieldForPinCode</b><br>Test class: com.rac.tests.DetailPageFieldValidationTest<br>Test method: Blank field validation For PinCode</td>
<td></td>
<td>0</td>
<td>com.rac.tests.DetailPageFieldValidationTest@7f690630</td></tr>
<tr>
<td title='com.rac.tests.DetailPageFieldValidationTest.testBlankFieldForPrimarytravellerDOB()'><b>testBlankFieldForPrimarytravellerDOB</b><br>Test class: com.rac.tests.DetailPageFieldValidationTest<br>Test method: Blank field validation For Primary Traveller DOB</td>
<td></td>
<td>0</td>
<td>com.rac.tests.DetailPageFieldValidationTest@7f690630</td></tr>
<tr>
<td title='com.rac.tests.DetailPageFieldValidationTest.testBlankFieldForPrimarytravellerFirstName()'><b>testBlankFieldForPrimarytravellerFirstName</b><br>Test class: com.rac.tests.DetailPageFieldValidationTest<br>Test method: Blank field validation For Primary Traveller First Name</td>
<td></td>
<td>0</td>
<td>com.rac.tests.DetailPageFieldValidationTest@7f690630</td></tr>
<tr>
<td title='com.rac.tests.DetailPageFieldValidationTest.testBlankFieldForPrimarytravellerLasttName()'><b>testBlankFieldForPrimarytravellerLasttName</b><br>Test class: com.rac.tests.DetailPageFieldValidationTest<br>Test method: Blank field validation For Primary Traveller Last Name </td>
<td></td>
<td>0</td>
<td>com.rac.tests.DetailPageFieldValidationTest@7f690630</td></tr>
<tr>
<td title='com.rac.tests.DetailPageFieldValidationTest.testBlankFieldForSecondarytravellerDOB()'><b>testBlankFieldForSecondarytravellerDOB</b><br>Test class: com.rac.tests.DetailPageFieldValidationTest<br>Test method: Blank field validation For Secondary Traveller DOB</td>
<td></td>
<td>0</td>
<td>com.rac.tests.DetailPageFieldValidationTest@7f690630</td></tr>
<tr>
<td title='com.rac.tests.DetailPageFieldValidationTest.testBlankFieldForSecondarytravellerFirstName()'><b>testBlankFieldForSecondarytravellerFirstName</b><br>Test class: com.rac.tests.DetailPageFieldValidationTest<br>Test method: Blank field validation For Secondary Traveller First Name</td>
<td></td>
<td>0</td>
<td>com.rac.tests.DetailPageFieldValidationTest@7f690630</td></tr>
<tr>
<td title='com.rac.tests.DetailPageFieldValidationTest.testBlankFieldForSecondarytravellerLastName()'><b>testBlankFieldForSecondarytravellerLastName</b><br>Test class: com.rac.tests.DetailPageFieldValidationTest<br>Test method: Blank field validation For Secondary Traveller Last Name</td>
<td></td>
<td>0</td>
<td>com.rac.tests.DetailPageFieldValidationTest@7f690630</td></tr>
<tr>
<td title='com.rac.tests.DetailPageFieldValidationTest.testBlankFieldForStreet()'><b>testBlankFieldForStreet</b><br>Test class: com.rac.tests.DetailPageFieldValidationTest<br>Test method: Blank field validation For Street</td>
<td></td>
<td>0</td>
<td>com.rac.tests.DetailPageFieldValidationTest@7f690630</td></tr>
<tr>
<td title='com.rac.tests.DetailPageFieldValidationTest.testBlankFieldForSuburb()'><b>testBlankFieldForSuburb</b><br>Test class: com.rac.tests.DetailPageFieldValidationTest<br>Test method: Blank field validation For Suburb</td>
<td></td>
<td>0</td>
<td>com.rac.tests.DetailPageFieldValidationTest@7f690630</td></tr>
<tr>
<td title='com.rac.tests.CompareAndTravelFunctionalityValidationTest.testChooseYourExcess()'><b>testChooseYourExcess</b><br>Test class: com.rac.tests.CompareAndTravelFunctionalityValidationTest</td>
<td></td>
<td>0</td>
<td>com.rac.tests.CompareAndTravelFunctionalityValidationTest@edf4efb</td></tr>
<tr>
<td title='com.rac.tests.CompareAndTravelFunctionalityValidationTest.testContinueClick()'><b>testContinueClick</b><br>Test class: com.rac.tests.CompareAndTravelFunctionalityValidationTest</td>
<td></td>
<td>0</td>
<td>com.rac.tests.CompareAndTravelFunctionalityValidationTest@edf4efb</td></tr>
<tr>
<td title='com.rac.tests.DetailPageFieldValidationTest.testDeleteDependent()'><b>testDeleteDependent</b><br>Test class: com.rac.tests.DetailPageFieldValidationTest<br>Test method: Delete Dependent</td>
<td></td>
<td>0</td>
<td>com.rac.tests.DetailPageFieldValidationTest@7f690630</td></tr>
<tr>
<td title='com.rac.tests.DetailPageFieldValidationTest.testForInvalidConFirmEmailFormat()'><b>testForInvalidConFirmEmailFormat</b><br>Test class: com.rac.tests.DetailPageFieldValidationTest<br>Test method: Validation For InValid ConFirmEmail</td>
<td></td>
<td>0</td>
<td>com.rac.tests.DetailPageFieldValidationTest@7f690630</td></tr>
<tr>
<td title='com.rac.tests.DetailPageFieldValidationTest.testForInvalidEmailFormat()'><b>testForInvalidEmailFormat</b><br>Test class: com.rac.tests.DetailPageFieldValidationTest<br>Test method: Validation For InValid Email</td>
<td></td>
<td>0</td>
<td>com.rac.tests.DetailPageFieldValidationTest@7f690630</td></tr>
<tr>
<td title='com.rac.tests.DetailPageFieldValidationTest.testForInvalidMobileNo()'><b>testForInvalidMobileNo</b><br>Test class: com.rac.tests.DetailPageFieldValidationTest<br>Test method: Validation For Invalid Mobile No</td>
<td></td>
<td>0</td>
<td>com.rac.tests.DetailPageFieldValidationTest@7f690630</td></tr>
<tr>
<td title='com.rac.tests.DetailPageFieldValidationTest.testForMisMatchOfEmailAndConfirmEmail()'><b>testForMisMatchOfEmailAndConfirmEmail</b><br>Test class: com.rac.tests.DetailPageFieldValidationTest<br>Test method: Validation For Email And ConFirm Email MisMatch</td>
<td></td>
<td>0</td>
<td>com.rac.tests.DetailPageFieldValidationTest@7f690630</td></tr>
<tr>
<td title='com.rac.tests.DetailPageFieldValidationTest.testInvalidPinCode()'><b>testInvalidPinCode</b><br>Test class: com.rac.tests.DetailPageFieldValidationTest<br>Test method: Validation For InValid PinCode</td>
<td></td>
<td>0</td>
<td>com.rac.tests.DetailPageFieldValidationTest@7f690630</td></tr>
<tr>
<td title='com.rac.tests.CompareAndTravelFunctionalityValidationTest.testgetEditFunctionality()'><b>testgetEditFunctionality</b><br>Test class: com.rac.tests.CompareAndTravelFunctionalityValidationTest</td>
<td></td>
<td>0</td>
<td>com.rac.tests.CompareAndTravelFunctionalityValidationTest@edf4efb</td></tr>
<tr>
<td title='com.rac.tests.CompareAndTravelFunctionalityValidationTest.testgetGoingOnCruiseNo()'><b>testgetGoingOnCruiseNo</b><br>Test class: com.rac.tests.CompareAndTravelFunctionalityValidationTest</td>
<td></td>
<td>0</td>
<td>com.rac.tests.CompareAndTravelFunctionalityValidationTest@edf4efb</td></tr>
<tr>
<td title='com.rac.tests.CompareAndTravelFunctionalityValidationTest.testgetSkiWinterNo()'><b>testgetSkiWinterNo</b><br>Test class: com.rac.tests.CompareAndTravelFunctionalityValidationTest</td>
<td></td>
<td>0</td>
<td>com.rac.tests.CompareAndTravelFunctionalityValidationTest@edf4efb</td></tr>
<tr>
<td title='com.rac.tests.CompareAndTravelFunctionalityValidationTest.testgetValidateAllBenefit()'><b>testgetValidateAllBenefit</b><br>Test class: com.rac.tests.CompareAndTravelFunctionalityValidationTest</td>
<td></td>
<td>0</td>
<td>com.rac.tests.CompareAndTravelFunctionalityValidationTest@edf4efb</td></tr>
<tr>
<td title='com.rac.tests.PaymentPageFunctionalityValidation.validateBlankCVV()'><b>validateBlankCVV</b><br>Test class: com.rac.tests.PaymentPageFunctionalityValidation<br>Test method: Validate blank CVV number error message</td>
<td></td>
<td>0</td>
<td>com.rac.tests.PaymentPageFunctionalityValidation@35f983a6</td></tr>
<tr>
<td title='com.rac.tests.PaymentPageFunctionalityValidation.validateBlankCardHolderName()'><b>validateBlankCardHolderName</b><br>Test class: com.rac.tests.PaymentPageFunctionalityValidation<br>Test method: Validate blank card holder name error message</td>
<td></td>
<td>0</td>
<td>com.rac.tests.PaymentPageFunctionalityValidation@35f983a6</td></tr>
<tr>
<td title='com.rac.tests.PaymentPageFunctionalityValidation.validateBlankCardNumber()'><b>validateBlankCardNumber</b><br>Test class: com.rac.tests.PaymentPageFunctionalityValidation<br>Test method: Validate blank card number error message</td>
<td></td>
<td>0</td>
<td>com.rac.tests.PaymentPageFunctionalityValidation@35f983a6</td></tr>
<tr>
<td title='com.rac.tests.PaymentPageFunctionalityValidation.validateBlankExpDate()'><b>validateBlankExpDate</b><br>Test class: com.rac.tests.PaymentPageFunctionalityValidation<br>Test method: Validate blank expiry date error message</td>
<td></td>
<td>0</td>
<td>com.rac.tests.PaymentPageFunctionalityValidation@35f983a6</td></tr>
<tr>
<td title='com.rac.tests.PaymentPageFunctionalityValidation.validateCardWithInvalidCVV()'><b>validateCardWithInvalidCVV</b><br>Test class: com.rac.tests.PaymentPageFunctionalityValidation<br>Test method: Validate invalid CVV number error message</td>
<td></td>
<td>0</td>
<td>com.rac.tests.PaymentPageFunctionalityValidation@35f983a6</td></tr>
<tr>
<td title='com.rac.tests.PaymentPageFunctionalityValidation.validateInvalidCard()'><b>validateInvalidCard</b><br>Test class: com.rac.tests.PaymentPageFunctionalityValidation<br>Test method: Validate invalid card number error message</td>
<td></td>
<td>0</td>
<td>com.rac.tests.PaymentPageFunctionalityValidation@35f983a6</td></tr>
<tr>
<td title='com.rac.tests.PaymentPageFunctionalityValidation.validateWithPastExpDate()'><b>validateWithPastExpDate</b><br>Test class: com.rac.tests.PaymentPageFunctionalityValidation<br>Test method: Validate past expiry date error message</td>
<td></td>
<td>0</td>
<td>com.rac.tests.PaymentPageFunctionalityValidation@35f983a6</td></tr>
</table><p>
</body>
</html>