<?xml version="1.0" encoding="UTF-8"?>
<!-- Generated by org.testng.reporters.JUnitXMLReporter -->
<testsuite hostname="LAP-TZD-0X73500" name="Test" tests="35" failures="0" timestamp="21 Feb 2020 14:58:54 GMT" time="96.869" errors="0">
  <testcase name="@BeforeClass preRequisite" time="0.0" classname="com.rac.tests.PaymentPageFunctionalityValidation">
    <failure type="org.openqa.selenium.remote.UnreachableBrowserException" message="Error communicating with the remote browser. It may have died.
Build info: version: &amp;apos;4.0.0-alpha-4&amp;apos;, revision: &amp;apos;c2d955b49e&amp;apos;
System info: host: &amp;apos;LAP-TZD-0X73500&amp;apos;, ip: &amp;apos;172.19.202.2&amp;apos;, os.name: &amp;apos;Windows 10&amp;apos;, os.arch: &amp;apos;amd64&amp;apos;, os.version: &amp;apos;10.0&amp;apos;, java.version: &amp;apos;1.8.0_231&amp;apos;
Driver info: driver.version: RemoteWebDriver
Capabilities {acceptInsecureCerts: false, browserName: chrome, browserVersion: 80.0.3987.116, chrome: {chromedriverVersion: 79.0.3945.36 (3582db32b3389..., userDataDir: C:\Users\VIDHUK~1.VIK\AppDa...}, goog:chromeOptions: {debuggerAddress: localhost:63304}, javascriptEnabled: true, networkConnectionEnabled: false, pageLoadStrategy: normal, platform: WINDOWS, platformName: WINDOWS, proxy: Proxy(), setWindowRect: true, strictFileInteractability: false, timeouts: {implicit: 0, pageLoad: 300000, script: 30000}, unhandledPromptBehavior: dismiss and notify}
Session ID: 578fdc0b9ab2b87c30dc648bc242b0ec">
      <![CDATA[org.openqa.selenium.remote.UnreachableBrowserException: Error communicating with the remote browser. It may have died.
Build info: version: '4.0.0-alpha-4', revision: 'c2d955b49e'
System info: host: 'LAP-TZD-0X73500', ip: '172.19.202.2', os.name: 'Windows 10', os.arch: 'amd64', os.version: '10.0', java.version: '1.8.0_231'
Driver info: driver.version: RemoteWebDriver
Capabilities {acceptInsecureCerts: false, browserName: chrome, browserVersion: 80.0.3987.116, chrome: {chromedriverVersion: 79.0.3945.36 (3582db32b3389..., userDataDir: C:\Users\VIDHUK~1.VIK\AppDa...}, goog:chromeOptions: {debuggerAddress: localhost:63304}, javascriptEnabled: true, networkConnectionEnabled: false, pageLoadStrategy: normal, platform: WINDOWS, platformName: WINDOWS, proxy: Proxy(), setWindowRect: true, strictFileInteractability: false, timeouts: {implicit: 0, pageLoad: 300000, script: 30000}, unhandledPromptBehavior: dismiss and notify}
Session ID: 578fdc0b9ab2b87c30dc648bc242b0ec
	at org.openqa.selenium.remote.RemoteWebDriver.execute(RemoteWebDriver.java:603)
	at org.openqa.selenium.remote.RemoteWebDriver.findElement(RemoteWebDriver.java:333)
	at org.openqa.selenium.remote.RemoteWebDriver.findElementByCssSelector(RemoteWebDriver.java:441)
	at org.openqa.selenium.By$ByCssSelector.findElement(By.java:494)
	at org.openqa.selenium.remote.RemoteWebDriver.findElement(RemoteWebDriver.java:325)
	at org.openqa.selenium.support.ui.ExpectedConditions$7.apply(ExpectedConditions.java:205)
	at org.openqa.selenium.support.ui.ExpectedConditions$7.apply(ExpectedConditions.java:201)
	at org.openqa.selenium.support.ui.FluentWait.until(FluentWait.java:211)
	at com.rac.pages.BasePage.waitForVisible(BasePage.java:50)
	at com.rac.pages.GetAQuotePage.getSingleTripGetQuote(GetAQuotePage.java:98)
	at com.rac.tests.PaymentPageFunctionalityValidation.preRequisite(PaymentPageFunctionalityValidation.java:36)
Caused by: java.lang.RuntimeException: NettyHttpHandler request execution error
	at org.openqa.selenium.remote.http.netty.NettyHttpHandler.makeCall(NettyHttpHandler.java:61)
	at org.openqa.selenium.remote.http.AddSeleniumUserAgent.lambda$apply$0(AddSeleniumUserAgent.java:42)
	at org.openqa.selenium.remote.http.Filter.lambda$andFinally$1(Filter.java:55)
	at org.openqa.selenium.remote.http.netty.NettyHttpHandler.execute(NettyHttpHandler.java:45)
	at org.openqa.selenium.remote.http.AddSeleniumUserAgent.lambda$apply$0(AddSeleniumUserAgent.java:42)
	at org.openqa.selenium.remote.http.Filter.lambda$andFinally$1(Filter.java:55)
	at org.openqa.selenium.remote.http.netty.NettyClient.execute(NettyClient.java:43)
	at org.openqa.selenium.remote.HttpCommandExecutor.execute(HttpCommandExecutor.java:158)
	at org.openqa.selenium.remote.service.DriverCommandExecutor.execute(DriverCommandExecutor.java:83)
	at org.openqa.selenium.remote.RemoteWebDriver.execute(RemoteWebDriver.java:582)
	... 34 more
Caused by: java.util.concurrent.ExecutionException: java.net.ConnectException: Connection refused: no further information: localhost/0:0:0:0:0:0:0:1:37299
	at java.util.concurrent.CompletableFuture.reportGet(Unknown Source)
	at java.util.concurrent.CompletableFuture.get(Unknown Source)
	at org.asynchttpclient.netty.NettyResponseFuture.get(NettyResponseFuture.java:201)
	at org.openqa.selenium.remote.http.netty.NettyHttpHandler.makeCall(NettyHttpHandler.java:55)
	... 43 more
Caused by: java.net.ConnectException: Connection refused: no further information: localhost/0:0:0:0:0:0:0:1:37299
	at org.asynchttpclient.netty.channel.NettyConnectListener.onFailure(NettyConnectListener.java:179)
	at org.asynchttpclient.netty.channel.NettyChannelConnector$1.onFailure(NettyChannelConnector.java:108)
	at org.asynchttpclient.netty.SimpleChannelFutureListener.operationComplete(SimpleChannelFutureListener.java:28)
	at org.asynchttpclient.netty.SimpleChannelFutureListener.operationComplete(SimpleChannelFutureListener.java:20)
	at io.netty.util.concurrent.DefaultPromise.notifyListener0(DefaultPromise.java:577)
	at io.netty.util.concurrent.DefaultPromise.notifyListeners0(DefaultPromise.java:570)
	at io.netty.util.concurrent.DefaultPromise.notifyListenersNow(DefaultPromise.java:549)
	at io.netty.util.concurrent.DefaultPromise.notifyListeners(DefaultPromise.java:490)
	at io.netty.util.concurrent.DefaultPromise.setValue0(DefaultPromise.java:615)
	at io.netty.util.concurrent.DefaultPromise.setFailure0(DefaultPromise.java:608)
	at io.netty.util.concurrent.DefaultPromise.tryFailure(DefaultPromise.java:117)
	at io.netty.channel.nio.AbstractNioChannel$AbstractNioUnsafe.fulfillConnectPromise(AbstractNioChannel.java:321)
	at io.netty.channel.nio.AbstractNioChannel$AbstractNioUnsafe.finishConnect(AbstractNioChannel.java:337)
	at io.netty.channel.nio.NioEventLoop.processSelectedKey(NioEventLoop.java:688)
	at io.netty.channel.nio.NioEventLoop.processSelectedKeysOptimized(NioEventLoop.java:635)
	at io.netty.channel.nio.NioEventLoop.processSelectedKeys(NioEventLoop.java:552)
	at io.netty.channel.nio.NioEventLoop.run(NioEventLoop.java:514)
	at io.netty.util.concurrent.SingleThreadEventExecutor$6.run(SingleThreadEventExecutor.java:1050)
	at io.netty.util.internal.ThreadExecutorMap$2.run(ThreadExecutorMap.java:74)
	at io.netty.util.concurrent.FastThreadLocalRunnable.run(FastThreadLocalRunnable.java:30)
	at java.lang.Thread.run(Unknown Source)
Caused by: io.netty.channel.AbstractChannel$AnnotatedConnectException: Connection refused: no further information: localhost/0:0:0:0:0:0:0:1:37299
Caused by: java.net.ConnectException: Connection refused: no further information
	at sun.nio.ch.SocketChannelImpl.checkConnect(Native Method)
	at sun.nio.ch.SocketChannelImpl.finishConnect(Unknown Source)
	at io.netty.channel.socket.nio.NioSocketChannel.doFinishConnect(NioSocketChannel.java:330)
	at io.netty.channel.nio.AbstractNioChannel$AbstractNioUnsafe.finishConnect(AbstractNioChannel.java:334)
	at io.netty.channel.nio.NioEventLoop.processSelectedKey(NioEventLoop.java:688)
	at io.netty.channel.nio.NioEventLoop.processSelectedKeysOptimized(NioEventLoop.java:635)
	at io.netty.channel.nio.NioEventLoop.processSelectedKeys(NioEventLoop.java:552)
	at io.netty.channel.nio.NioEventLoop.run(NioEventLoop.java:514)
	at io.netty.util.concurrent.SingleThreadEventExecutor$6.run(SingleThreadEventExecutor.java:1050)
	at io.netty.util.internal.ThreadExecutorMap$2.run(ThreadExecutorMap.java:74)
	at io.netty.util.concurrent.FastThreadLocalRunnable.run(FastThreadLocalRunnable.java:30)
	at java.lang.Thread.run(Unknown Source)
... Removed 24 stack frames]]>
    </failure>
  </testcase> <!-- @BeforeClass preRequisite -->
  <testcase name="@AfterMethod refreshBrowser" time="0.0" classname="com.rac.tests.PaymentPageFunctionalityValidation">
    <skipped/>
  </testcase> <!-- @AfterMethod refreshBrowser -->
  <testcase name="@AfterMethod refreshBrowser" time="0.0" classname="com.rac.tests.PaymentPageFunctionalityValidation">
    <skipped/>
  </testcase> <!-- @AfterMethod refreshBrowser -->
  <testcase name="@AfterMethod refreshBrowser" time="0.0" classname="com.rac.tests.PaymentPageFunctionalityValidation">
    <skipped/>
  </testcase> <!-- @AfterMethod refreshBrowser -->
  <testcase name="@AfterMethod refreshBrowser" time="0.0" classname="com.rac.tests.PaymentPageFunctionalityValidation">
    <skipped/>
  </testcase> <!-- @AfterMethod refreshBrowser -->
  <testcase name="@AfterMethod refreshBrowser" time="0.0" classname="com.rac.tests.PaymentPageFunctionalityValidation">
    <skipped/>
  </testcase> <!-- @AfterMethod refreshBrowser -->
  <testcase name="@AfterMethod refreshBrowser" time="0.0" classname="com.rac.tests.PaymentPageFunctionalityValidation">
    <skipped/>
  </testcase> <!-- @AfterMethod refreshBrowser -->
  <testcase name="@AfterMethod refreshBrowser" time="0.0" classname="com.rac.tests.PaymentPageFunctionalityValidation">
    <skipped/>
  </testcase> <!-- @AfterMethod refreshBrowser -->
  <testcase name="@AfterClass aftersuite" time="0.0" classname="com.rac.tests.PaymentPageFunctionalityValidation">
    <skipped/>
  </testcase> <!-- @AfterClass aftersuite -->
  <testcase name="@BeforeClass setup" time="0.0" classname="com.rac.tests.DetailPageFieldValidationTest">
    <skipped/>
  </testcase> <!-- @BeforeClass setup -->
  <testcase name="@BeforeClass openurl" time="0.0" classname="com.rac.tests.DetailPageFieldValidationTest">
    <skipped/>
  </testcase> <!-- @BeforeClass openurl -->
  <testcase name="@AfterMethod refreshBrowser" time="0.0" classname="com.rac.tests.DetailPageFieldValidationTest">
    <skipped/>
  </testcase> <!-- @AfterMethod refreshBrowser -->
  <testcase name="@AfterMethod refreshBrowser" time="0.0" classname="com.rac.tests.DetailPageFieldValidationTest">
    <skipped/>
  </testcase> <!-- @AfterMethod refreshBrowser -->
  <testcase name="@AfterMethod refreshBrowser" time="0.0" classname="com.rac.tests.DetailPageFieldValidationTest">
    <skipped/>
  </testcase> <!-- @AfterMethod refreshBrowser -->
  <testcase name="@AfterMethod refreshBrowser" time="0.0" classname="com.rac.tests.DetailPageFieldValidationTest">
    <skipped/>
  </testcase> <!-- @AfterMethod refreshBrowser -->
  <testcase name="@AfterMethod refreshBrowser" time="0.0" classname="com.rac.tests.DetailPageFieldValidationTest">
    <skipped/>
  </testcase> <!-- @AfterMethod refreshBrowser -->
  <testcase name="@AfterMethod refreshBrowser" time="0.0" classname="com.rac.tests.DetailPageFieldValidationTest">
    <skipped/>
  </testcase> <!-- @AfterMethod refreshBrowser -->
  <testcase name="@AfterMethod refreshBrowser" time="0.0" classname="com.rac.tests.DetailPageFieldValidationTest">
    <skipped/>
  </testcase> <!-- @AfterMethod refreshBrowser -->
  <testcase name="@AfterMethod refreshBrowser" time="0.0" classname="com.rac.tests.DetailPageFieldValidationTest">
    <skipped/>
  </testcase> <!-- @AfterMethod refreshBrowser -->
  <testcase name="@AfterMethod refreshBrowser" time="0.0" classname="com.rac.tests.DetailPageFieldValidationTest">
    <skipped/>
  </testcase> <!-- @AfterMethod refreshBrowser -->
  <testcase name="@AfterMethod refreshBrowser" time="0.0" classname="com.rac.tests.DetailPageFieldValidationTest">
    <skipped/>
  </testcase> <!-- @AfterMethod refreshBrowser -->
  <testcase name="@AfterMethod refreshBrowser" time="0.0" classname="com.rac.tests.DetailPageFieldValidationTest">
    <skipped/>
  </testcase> <!-- @AfterMethod refreshBrowser -->
  <testcase name="@AfterMethod refreshBrowser" time="0.0" classname="com.rac.tests.DetailPageFieldValidationTest">
    <skipped/>
  </testcase> <!-- @AfterMethod refreshBrowser -->
  <testcase name="@AfterMethod refreshBrowser" time="0.0" classname="com.rac.tests.DetailPageFieldValidationTest">
    <skipped/>
  </testcase> <!-- @AfterMethod refreshBrowser -->
  <testcase name="@AfterMethod refreshBrowser" time="0.0" classname="com.rac.tests.DetailPageFieldValidationTest">
    <skipped/>
  </testcase> <!-- @AfterMethod refreshBrowser -->
  <testcase name="@AfterMethod refreshBrowser" time="0.0" classname="com.rac.tests.DetailPageFieldValidationTest">
    <skipped/>
  </testcase> <!-- @AfterMethod refreshBrowser -->
  <testcase name="@AfterMethod refreshBrowser" time="0.0" classname="com.rac.tests.DetailPageFieldValidationTest">
    <skipped/>
  </testcase> <!-- @AfterMethod refreshBrowser -->
  <testcase name="@AfterMethod refreshBrowser" time="0.0" classname="com.rac.tests.DetailPageFieldValidationTest">
    <skipped/>
  </testcase> <!-- @AfterMethod refreshBrowser -->
  <testcase name="@AfterMethod refreshBrowser" time="0.0" classname="com.rac.tests.DetailPageFieldValidationTest">
    <skipped/>
  </testcase> <!-- @AfterMethod refreshBrowser -->
  <testcase name="@AfterMethod refreshBrowser" time="0.0" classname="com.rac.tests.DetailPageFieldValidationTest">
    <skipped/>
  </testcase> <!-- @AfterMethod refreshBrowser -->
  <testcase name="@AfterMethod refreshBrowser" time="0.0" classname="com.rac.tests.DetailPageFieldValidationTest">
    <skipped/>
  </testcase> <!-- @AfterMethod refreshBrowser -->
  <testcase name="@AfterMethod refreshBrowser" time="0.0" classname="com.rac.tests.DetailPageFieldValidationTest">
    <skipped/>
  </testcase> <!-- @AfterMethod refreshBrowser -->
  <testcase name="@AfterMethod refreshBrowser" time="0.0" classname="com.rac.tests.DetailPageFieldValidationTest">
    <skipped/>
  </testcase> <!-- @AfterMethod refreshBrowser -->
  <testcase name="@AfterClass aftersuite" time="0.0" classname="com.rac.tests.DetailPageFieldValidationTest">
    <skipped/>
  </testcase> <!-- @AfterClass aftersuite -->
  <testcase name="@BeforeClass setup" time="0.0" classname="com.rac.tests.CompareAndTravelFunctionalityValidationTest">
    <skipped/>
  </testcase> <!-- @BeforeClass setup -->
  <testcase name="@BeforeMethod openurl" time="0.0" classname="com.rac.tests.CompareAndTravelFunctionalityValidationTest">
    <skipped/>
  </testcase> <!-- @BeforeMethod openurl -->
  <testcase name="@AfterMethod refreshBrowser" time="0.0" classname="com.rac.tests.CompareAndTravelFunctionalityValidationTest">
    <skipped/>
  </testcase> <!-- @AfterMethod refreshBrowser -->
  <testcase name="@BeforeMethod openurl" time="0.0" classname="com.rac.tests.CompareAndTravelFunctionalityValidationTest">
    <skipped/>
  </testcase> <!-- @BeforeMethod openurl -->
  <testcase name="@AfterMethod refreshBrowser" time="0.0" classname="com.rac.tests.CompareAndTravelFunctionalityValidationTest">
    <skipped/>
  </testcase> <!-- @AfterMethod refreshBrowser -->
  <testcase name="@BeforeMethod openurl" time="0.0" classname="com.rac.tests.CompareAndTravelFunctionalityValidationTest">
    <skipped/>
  </testcase> <!-- @BeforeMethod openurl -->
  <testcase name="@AfterMethod refreshBrowser" time="0.0" classname="com.rac.tests.CompareAndTravelFunctionalityValidationTest">
    <skipped/>
  </testcase> <!-- @AfterMethod refreshBrowser -->
  <testcase name="@BeforeMethod openurl" time="0.0" classname="com.rac.tests.CompareAndTravelFunctionalityValidationTest">
    <skipped/>
  </testcase> <!-- @BeforeMethod openurl -->
  <testcase name="@AfterMethod refreshBrowser" time="0.0" classname="com.rac.tests.CompareAndTravelFunctionalityValidationTest">
    <skipped/>
  </testcase> <!-- @AfterMethod refreshBrowser -->
  <testcase name="@BeforeMethod openurl" time="0.0" classname="com.rac.tests.CompareAndTravelFunctionalityValidationTest">
    <skipped/>
  </testcase> <!-- @BeforeMethod openurl -->
  <testcase name="@AfterMethod refreshBrowser" time="0.0" classname="com.rac.tests.CompareAndTravelFunctionalityValidationTest">
    <skipped/>
  </testcase> <!-- @AfterMethod refreshBrowser -->
  <testcase name="@BeforeMethod openurl" time="0.0" classname="com.rac.tests.CompareAndTravelFunctionalityValidationTest">
    <skipped/>
  </testcase> <!-- @BeforeMethod openurl -->
  <testcase name="@AfterMethod refreshBrowser" time="0.0" classname="com.rac.tests.CompareAndTravelFunctionalityValidationTest">
    <skipped/>
  </testcase> <!-- @AfterMethod refreshBrowser -->
  <testcase name="@AfterClass aftersuite" time="0.0" classname="com.rac.tests.CompareAndTravelFunctionalityValidationTest">
    <skipped/>
  </testcase> <!-- @AfterClass aftersuite -->
  <testcase name="validateBlankCardHolderName" time="0.0" classname="com.rac.tests.PaymentPageFunctionalityValidation">
    <skipped/>
  </testcase> <!-- validateBlankCardHolderName -->
  <testcase name="validateBlankCardNumber" time="0.0" classname="com.rac.tests.PaymentPageFunctionalityValidation">
    <skipped/>
  </testcase> <!-- validateBlankCardNumber -->
  <testcase name="validateBlankExpDate" time="0.001" classname="com.rac.tests.PaymentPageFunctionalityValidation">
    <skipped/>
  </testcase> <!-- validateBlankExpDate -->
  <testcase name="validateBlankCVV" time="0.0" classname="com.rac.tests.PaymentPageFunctionalityValidation">
    <skipped/>
  </testcase> <!-- validateBlankCVV -->
  <testcase name="validateInvalidCard" time="0.0" classname="com.rac.tests.PaymentPageFunctionalityValidation">
    <skipped/>
  </testcase> <!-- validateInvalidCard -->
  <testcase name="validateWithPastExpDate" time="0.0" classname="com.rac.tests.PaymentPageFunctionalityValidation">
    <skipped/>
  </testcase> <!-- validateWithPastExpDate -->
  <testcase name="validateCardWithInvalidCVV" time="0.0" classname="com.rac.tests.PaymentPageFunctionalityValidation">
    <skipped/>
  </testcase> <!-- validateCardWithInvalidCVV -->
  <testcase name="testBlankFieldForPrimarytravellerFirstName" time="0.0" classname="com.rac.tests.DetailPageFieldValidationTest">
    <skipped/>
  </testcase> <!-- testBlankFieldForPrimarytravellerFirstName -->
  <testcase name="testBlankFieldForPrimarytravellerLasttName" time="0.0" classname="com.rac.tests.DetailPageFieldValidationTest">
    <skipped/>
  </testcase> <!-- testBlankFieldForPrimarytravellerLasttName -->
  <testcase name="testBlankFieldForPrimarytravellerDOB" time="0.0" classname="com.rac.tests.DetailPageFieldValidationTest">
    <skipped/>
  </testcase> <!-- testBlankFieldForPrimarytravellerDOB -->
  <testcase name="testBlankFieldForSecondarytravellerFirstName" time="0.0" classname="com.rac.tests.DetailPageFieldValidationTest">
    <skipped/>
  </testcase> <!-- testBlankFieldForSecondarytravellerFirstName -->
  <testcase name="testBlankFieldForSecondarytravellerLastName" time="0.0" classname="com.rac.tests.DetailPageFieldValidationTest">
    <skipped/>
  </testcase> <!-- testBlankFieldForSecondarytravellerLastName -->
  <testcase name="testBlankFieldForSecondarytravellerDOB" time="0.0" classname="com.rac.tests.DetailPageFieldValidationTest">
    <skipped/>
  </testcase> <!-- testBlankFieldForSecondarytravellerDOB -->
  <testcase name="testBlankFieldForStreet" time="0.0" classname="com.rac.tests.DetailPageFieldValidationTest">
    <skipped/>
  </testcase> <!-- testBlankFieldForStreet -->
  <testcase name="testBlankFieldForSuburb" time="0.0" classname="com.rac.tests.DetailPageFieldValidationTest">
    <skipped/>
  </testcase> <!-- testBlankFieldForSuburb -->
  <testcase name="testBlankFieldForPinCode" time="0.0" classname="com.rac.tests.DetailPageFieldValidationTest">
    <skipped/>
  </testcase> <!-- testBlankFieldForPinCode -->
  <testcase name="testBlankFieldForEmail" time="0.0" classname="com.rac.tests.DetailPageFieldValidationTest">
    <skipped/>
  </testcase> <!-- testBlankFieldForEmail -->
  <testcase name="testBlankFieldForConfirmEmail" time="0.0" classname="com.rac.tests.DetailPageFieldValidationTest">
    <skipped/>
  </testcase> <!-- testBlankFieldForConfirmEmail -->
  <testcase name="testBlankFieldForPhoneNo" time="0.0" classname="com.rac.tests.DetailPageFieldValidationTest">
    <skipped/>
  </testcase> <!-- testBlankFieldForPhoneNo -->
  <testcase name="testInvalidPinCode" time="0.001" classname="com.rac.tests.DetailPageFieldValidationTest">
    <skipped/>
  </testcase> <!-- testInvalidPinCode -->
  <testcase name="testForInvalidEmailFormat" time="0.0" classname="com.rac.tests.DetailPageFieldValidationTest">
    <skipped/>
  </testcase> <!-- testForInvalidEmailFormat -->
  <testcase name="testForInvalidConFirmEmailFormat" time="0.0" classname="com.rac.tests.DetailPageFieldValidationTest">
    <skipped/>
  </testcase> <!-- testForInvalidConFirmEmailFormat -->
  <testcase name="testForMisMatchOfEmailAndConfirmEmail" time="0.001" classname="com.rac.tests.DetailPageFieldValidationTest">
    <skipped/>
  </testcase> <!-- testForMisMatchOfEmailAndConfirmEmail -->
  <testcase name="testForInvalidMobileNo" time="0.0" classname="com.rac.tests.DetailPageFieldValidationTest">
    <skipped/>
  </testcase> <!-- testForInvalidMobileNo -->
  <testcase name="testAddDependent" time="0.0" classname="com.rac.tests.DetailPageFieldValidationTest">
    <skipped/>
  </testcase> <!-- testAddDependent -->
  <testcase name="testDeleteDependent" time="0.0" classname="com.rac.tests.DetailPageFieldValidationTest">
    <skipped/>
  </testcase> <!-- testDeleteDependent -->
  <testcase name="getPrimaryAgeDetails18to85SkiWinterSPorts" time="0.0" classname="com.rac.tests.DetailPageFieldValidationTest">
    <skipped/>
  </testcase> <!-- getPrimaryAgeDetails18to85SkiWinterSPorts -->
  <testcase name="getSecondaryAgeDetails18to85SkiWinterSPorts" time="0.0" classname="com.rac.tests.DetailPageFieldValidationTest">
    <skipped/>
  </testcase> <!-- getSecondaryAgeDetails18to85SkiWinterSPorts -->
  <testcase name="getDOBDetailsPageMismatchWithGetAQuote" time="0.0" classname="com.rac.tests.DetailPageFieldValidationTest">
    <skipped/>
  </testcase> <!-- getDOBDetailsPageMismatchWithGetAQuote -->
  <testcase name="testChooseYourExcess" time="0.0" classname="com.rac.tests.CompareAndTravelFunctionalityValidationTest">
    <skipped/>
  </testcase> <!-- testChooseYourExcess -->
  <testcase name="testContinueClick" time="0.0" classname="com.rac.tests.CompareAndTravelFunctionalityValidationTest">
    <skipped/>
  </testcase> <!-- testContinueClick -->
  <testcase name="testgetEditFunctionality" time="0.0" classname="com.rac.tests.CompareAndTravelFunctionalityValidationTest">
    <skipped/>
  </testcase> <!-- testgetEditFunctionality -->
  <testcase name="testgetGoingOnCruiseNo" time="0.0" classname="com.rac.tests.CompareAndTravelFunctionalityValidationTest">
    <skipped/>
  </testcase> <!-- testgetGoingOnCruiseNo -->
  <testcase name="testgetSkiWinterNo" time="0.0" classname="com.rac.tests.CompareAndTravelFunctionalityValidationTest">
    <skipped/>
  </testcase> <!-- testgetSkiWinterNo -->
  <testcase name="testgetValidateAllBenefit" time="0.001" classname="com.rac.tests.CompareAndTravelFunctionalityValidationTest">
    <skipped/>
  </testcase> <!-- testgetValidateAllBenefit -->
</testsuite> <!-- Test -->
