<?xml version="1.0" encoding="UTF-8"?>
<testng-results skipped="0" failed="2" total="7" passed="5">
  <reporter-output>
  </reporter-output>
  <suite name="Default suite" duration-ms="1947395" started-at="2020-04-01T10:31:31Z" finished-at="2020-04-01T11:03:59Z">
    <groups>
    </groups>
    <test name="Default test" duration-ms="1947395" started-at="2020-04-01T10:31:31Z" finished-at="2020-04-01T11:03:59Z">
      <class name="com.racq.tests.RegressionTestCase">
        <test-method status="PASS" signature="setup()[pri:0, instance:com.racq.tests.RegressionTestCase@4411d970]" name="setup" is-config="true" duration-ms="10763" started-at="2020-04-01T16:01:31Z" finished-at="2020-04-01T16:01:42Z">
          <reporter-output>
          </reporter-output>
        </test-method> <!-- setup -->
        <test-method status="PASS" signature="openurl()[pri:0, instance:com.racq.tests.RegressionTestCase@4411d970]" name="openurl" is-config="true" duration-ms="9167" started-at="2020-04-01T16:01:42Z" finished-at="2020-04-01T16:01:51Z">
          <reporter-output>
          </reporter-output>
        </test-method> <!-- openurl -->
        <test-method status="PASS" signature="testAnnualMulTiTripInternationalNoMedicalCondition()[pri:0, instance:com.racq.tests.RegressionTestCase@4411d970]" name="testAnnualMulTiTripInternationalNoMedicalCondition" duration-ms="244502" started-at="2020-04-01T16:01:51Z" finished-at="2020-04-01T16:05:56Z">
          <reporter-output>
          </reporter-output>
        </test-method> <!-- testAnnualMulTiTripInternationalNoMedicalCondition -->
        <test-method status="PASS" signature="refreshBrowser()[pri:0, instance:com.racq.tests.RegressionTestCase@4411d970]" name="refreshBrowser" is-config="true" duration-ms="6152" started-at="2020-04-01T16:05:56Z" finished-at="2020-04-01T16:06:02Z">
          <reporter-output>
          </reporter-output>
        </test-method> <!-- refreshBrowser -->
        <test-method status="PASS" signature="openurl()[pri:0, instance:com.racq.tests.RegressionTestCase@4411d970]" name="openurl" is-config="true" duration-ms="5875" started-at="2020-04-01T16:06:02Z" finished-at="2020-04-01T16:06:08Z">
          <reporter-output>
          </reporter-output>
        </test-method> <!-- openurl -->
        <test-method status="PASS" signature="testSingleTripDomesticYesMedicalCondition()[pri:0, instance:com.racq.tests.RegressionTestCase@4411d970]" name="testSingleTripDomesticYesMedicalCondition" duration-ms="471380" started-at="2020-04-01T16:06:08Z" finished-at="2020-04-01T16:13:59Z">
          <reporter-output>
          </reporter-output>
        </test-method> <!-- testSingleTripDomesticYesMedicalCondition -->
        <test-method status="PASS" signature="refreshBrowser()[pri:0, instance:com.racq.tests.RegressionTestCase@4411d970]" name="refreshBrowser" is-config="true" duration-ms="5649" started-at="2020-04-01T16:13:59Z" finished-at="2020-04-01T16:14:05Z">
          <reporter-output>
          </reporter-output>
        </test-method> <!-- refreshBrowser -->
        <test-method status="PASS" signature="openurl()[pri:0, instance:com.racq.tests.RegressionTestCase@4411d970]" name="openurl" is-config="true" duration-ms="5745" started-at="2020-04-01T16:14:05Z" finished-at="2020-04-01T16:14:11Z">
          <reporter-output>
          </reporter-output>
        </test-method> <!-- openurl -->
        <test-method status="PASS" signature="testSingleTripInternationalNoMedicalCondition()[pri:0, instance:com.racq.tests.RegressionTestCase@4411d970]" name="testSingleTripInternationalNoMedicalCondition" duration-ms="273401" started-at="2020-04-01T16:14:11Z" finished-at="2020-04-01T16:18:44Z">
          <reporter-output>
          </reporter-output>
        </test-method> <!-- testSingleTripInternationalNoMedicalCondition -->
        <test-method status="PASS" signature="refreshBrowser()[pri:0, instance:com.racq.tests.RegressionTestCase@4411d970]" name="refreshBrowser" is-config="true" duration-ms="5662" started-at="2020-04-01T16:18:44Z" finished-at="2020-04-01T16:18:50Z">
          <reporter-output>
          </reporter-output>
        </test-method> <!-- refreshBrowser -->
        <test-method status="PASS" signature="openurl()[pri:0, instance:com.racq.tests.RegressionTestCase@4411d970]" name="openurl" is-config="true" duration-ms="6036" started-at="2020-04-01T16:18:50Z" finished-at="2020-04-01T16:18:56Z">
          <reporter-output>
          </reporter-output>
        </test-method> <!-- openurl -->
        <test-method status="FAIL" signature="testSingleTripInternationalYesMedicalCondition()[pri:0, instance:com.racq.tests.RegressionTestCase@4411d970]" name="testSingleTripInternationalYesMedicalCondition" duration-ms="126121" started-at="2020-04-01T16:18:56Z" finished-at="2020-04-01T16:21:02Z">
          <exception class="org.openqa.selenium.NoSuchElementException">
            <message>
              <![CDATA[no such element: Unable to locate element: {"method":"xpath","selector":"//*[@data-auto-id='goToStepThree']"}
  (Session info: chrome=80.0.3987.149)
For documentation on this error, please visit: https://selenium.dev/exceptions/#no_such_element
Build info: version: '4.0.0-alpha-4', revision: 'c2d955b49e'
System info: host: 'LAP-TZD-0X73500', ip: '192.168.0.104', os.name: 'Windows 10', os.arch: 'amd64', os.version: '10.0', java.version: '1.8.0_231'
Driver info: org.openqa.selenium.chrome.ChromeDriver
Capabilities {acceptInsecureCerts: false, browserName: chrome, browserVersion: 80.0.3987.149, chrome: {chromedriverVersion: 79.0.3945.36 (3582db32b3389..., userDataDir: C:\Users\VIDHUK~1.VIK\AppDa...}, goog:chromeOptions: {debuggerAddress: localhost:55019}, javascriptEnabled: true, networkConnectionEnabled: false, pageLoadStrategy: normal, platform: WINDOWS, platformName: WINDOWS, proxy: Proxy(), setWindowRect: true, strictFileInteractability: false, timeouts: {implicit: 0, pageLoad: 300000, script: 30000}, unhandledPromptBehavior: dismiss and notify}
Session ID: 7d95b0baa353f6431a613b647c5fa5da
*** Element info: {Using=xpath, value=//*[@data-auto-id='goToStepThree']}]]>
            </message>
            <full-stacktrace>
              <![CDATA[org.openqa.selenium.NoSuchElementException: no such element: Unable to locate element: {"method":"xpath","selector":"//*[@data-auto-id='goToStepThree']"}
  (Session info: chrome=80.0.3987.149)
For documentation on this error, please visit: https://selenium.dev/exceptions/#no_such_element
Build info: version: '4.0.0-alpha-4', revision: 'c2d955b49e'
System info: host: 'LAP-TZD-0X73500', ip: '192.168.0.104', os.name: 'Windows 10', os.arch: 'amd64', os.version: '10.0', java.version: '1.8.0_231'
Driver info: org.openqa.selenium.chrome.ChromeDriver
Capabilities {acceptInsecureCerts: false, browserName: chrome, browserVersion: 80.0.3987.149, chrome: {chromedriverVersion: 79.0.3945.36 (3582db32b3389..., userDataDir: C:\Users\VIDHUK~1.VIK\AppDa...}, goog:chromeOptions: {debuggerAddress: localhost:55019}, javascriptEnabled: true, networkConnectionEnabled: false, pageLoadStrategy: normal, platform: WINDOWS, platformName: WINDOWS, proxy: Proxy(), setWindowRect: true, strictFileInteractability: false, timeouts: {implicit: 0, pageLoad: 300000, script: 30000}, unhandledPromptBehavior: dismiss and notify}
Session ID: 7d95b0baa353f6431a613b647c5fa5da
*** Element info: {Using=xpath, value=//*[@data-auto-id='goToStepThree']}
	at sun.reflect.NativeConstructorAccessorImpl.newInstance0(Native Method)
	at sun.reflect.NativeConstructorAccessorImpl.newInstance(NativeConstructorAccessorImpl.java:62)
	at sun.reflect.DelegatingConstructorAccessorImpl.newInstance(DelegatingConstructorAccessorImpl.java:45)
	at java.lang.reflect.Constructor.newInstance(Constructor.java:423)
	at org.openqa.selenium.remote.codec.w3c.W3CHttpResponseCodec.createException(W3CHttpResponseCodec.java:196)
	at org.openqa.selenium.remote.codec.w3c.W3CHttpResponseCodec.decode(W3CHttpResponseCodec.java:129)
	at org.openqa.selenium.remote.codec.w3c.W3CHttpResponseCodec.decode(W3CHttpResponseCodec.java:53)
	at org.openqa.selenium.remote.HttpCommandExecutor.execute(HttpCommandExecutor.java:161)
	at org.openqa.selenium.remote.service.DriverCommandExecutor.execute(DriverCommandExecutor.java:83)
	at org.openqa.selenium.remote.RemoteWebDriver.execute(RemoteWebDriver.java:582)
	at org.openqa.selenium.remote.RemoteWebDriver.findElement(RemoteWebDriver.java:333)
	at org.openqa.selenium.remote.RemoteWebDriver.findElementByXPath(RemoteWebDriver.java:451)
	at org.openqa.selenium.By$ByXPath.findElement(By.java:394)
	at org.openqa.selenium.remote.RemoteWebDriver.findElement(RemoteWebDriver.java:325)
	at com.racq.pages.CompareTravelInsurancePage.getSingleTripClickContinue(CompareTravelInsurancePage.java:33)
	at com.racq.tests.RegressionTestCase.testSingleTripInternationalYesMedicalCondition(RegressionTestCase.java:176)
	at sun.reflect.NativeMethodAccessorImpl.invoke0(Native Method)
	at sun.reflect.NativeMethodAccessorImpl.invoke(NativeMethodAccessorImpl.java:62)
	at sun.reflect.DelegatingMethodAccessorImpl.invoke(DelegatingMethodAccessorImpl.java:43)
	at java.lang.reflect.Method.invoke(Method.java:498)
	at org.testng.internal.MethodInvocationHelper.invokeMethod(MethodInvocationHelper.java:86)
	at org.testng.internal.Invoker.invokeMethod(Invoker.java:645)
	at org.testng.internal.Invoker.invokeTestMethod(Invoker.java:822)
	at org.testng.internal.Invoker.invokeTestMethods(Invoker.java:1130)
	at org.testng.internal.TestMethodWorker.invokeTestMethods(TestMethodWorker.java:129)
	at org.testng.internal.TestMethodWorker.run(TestMethodWorker.java:112)
	at org.testng.TestRunner.privateRun(TestRunner.java:782)
	at org.testng.TestRunner.run(TestRunner.java:632)
	at org.testng.SuiteRunner.runTest(SuiteRunner.java:366)
	at org.testng.SuiteRunner.runSequentially(SuiteRunner.java:361)
	at org.testng.SuiteRunner.privateRun(SuiteRunner.java:319)
	at org.testng.SuiteRunner.run(SuiteRunner.java:268)
	at org.testng.SuiteRunnerWorker.runSuite(SuiteRunnerWorker.java:52)
	at org.testng.SuiteRunnerWorker.run(SuiteRunnerWorker.java:86)
	at org.testng.TestNG.runSuitesSequentially(TestNG.java:1244)
	at org.testng.TestNG.runSuitesLocally(TestNG.java:1169)
	at org.testng.TestNG.run(TestNG.java:1064)
	at org.testng.remote.RemoteTestNG.run(RemoteTestNG.java:113)
	at org.testng.remote.RemoteTestNG.initAndRun(RemoteTestNG.java:206)
	at org.testng.remote.RemoteTestNG.main(RemoteTestNG.java:177)
]]>
            </full-stacktrace>
          </exception> <!-- org.openqa.selenium.NoSuchElementException -->
          <reporter-output>
          </reporter-output>
        </test-method> <!-- testSingleTripInternationalYesMedicalCondition -->
        <test-method status="PASS" signature="refreshBrowser()[pri:0, instance:com.racq.tests.RegressionTestCase@4411d970]" name="refreshBrowser" is-config="true" duration-ms="5644" started-at="2020-04-01T16:21:02Z" finished-at="2020-04-01T16:21:08Z">
          <reporter-output>
          </reporter-output>
        </test-method> <!-- refreshBrowser -->
        <test-method status="PASS" signature="openurl()[pri:0, instance:com.racq.tests.RegressionTestCase@4411d970]" name="openurl" is-config="true" duration-ms="5764" started-at="2020-04-01T16:21:08Z" finished-at="2020-04-01T16:21:13Z">
          <reporter-output>
          </reporter-output>
        </test-method> <!-- openurl -->
        <test-method status="PASS" signature="testforDomesticAMTNoMedicalCondition()[pri:0, instance:com.racq.tests.RegressionTestCase@4411d970]" name="testforDomesticAMTNoMedicalCondition" duration-ms="270643" started-at="2020-04-01T16:21:13Z" finished-at="2020-04-01T16:25:44Z">
          <reporter-output>
          </reporter-output>
        </test-method> <!-- testforDomesticAMTNoMedicalCondition -->
        <test-method status="PASS" signature="refreshBrowser()[pri:0, instance:com.racq.tests.RegressionTestCase@4411d970]" name="refreshBrowser" is-config="true" duration-ms="5673" started-at="2020-04-01T16:25:44Z" finished-at="2020-04-01T16:25:50Z">
          <reporter-output>
          </reporter-output>
        </test-method> <!-- refreshBrowser -->
        <test-method status="PASS" signature="openurl()[pri:0, instance:com.racq.tests.RegressionTestCase@4411d970]" name="openurl" is-config="true" duration-ms="5535" started-at="2020-04-01T16:25:50Z" finished-at="2020-04-01T16:25:55Z">
          <reporter-output>
          </reporter-output>
        </test-method> <!-- openurl -->
        <test-method status="FAIL" signature="testforDomesticAMTYesMedicalCondition()[pri:0, instance:com.racq.tests.RegressionTestCase@4411d970]" name="testforDomesticAMTYesMedicalCondition" duration-ms="154187" started-at="2020-04-01T16:25:55Z" finished-at="2020-04-01T16:28:29Z">
          <exception class="org.openqa.selenium.NoSuchElementException">
            <message>
              <![CDATA[no such element: Unable to locate element: {"method":"xpath","selector":"//*[@data-auto-id='goToStepThree']"}
  (Session info: chrome=80.0.3987.149)
For documentation on this error, please visit: https://selenium.dev/exceptions/#no_such_element
Build info: version: '4.0.0-alpha-4', revision: 'c2d955b49e'
System info: host: 'LAP-TZD-0X73500', ip: '192.168.0.104', os.name: 'Windows 10', os.arch: 'amd64', os.version: '10.0', java.version: '1.8.0_231'
Driver info: org.openqa.selenium.chrome.ChromeDriver
Capabilities {acceptInsecureCerts: false, browserName: chrome, browserVersion: 80.0.3987.149, chrome: {chromedriverVersion: 79.0.3945.36 (3582db32b3389..., userDataDir: C:\Users\VIDHUK~1.VIK\AppDa...}, goog:chromeOptions: {debuggerAddress: localhost:55019}, javascriptEnabled: true, networkConnectionEnabled: false, pageLoadStrategy: normal, platform: WINDOWS, platformName: WINDOWS, proxy: Proxy(), setWindowRect: true, strictFileInteractability: false, timeouts: {implicit: 0, pageLoad: 300000, script: 30000}, unhandledPromptBehavior: dismiss and notify}
Session ID: 7d95b0baa353f6431a613b647c5fa5da
*** Element info: {Using=xpath, value=//*[@data-auto-id='goToStepThree']}]]>
            </message>
            <full-stacktrace>
              <![CDATA[org.openqa.selenium.NoSuchElementException: no such element: Unable to locate element: {"method":"xpath","selector":"//*[@data-auto-id='goToStepThree']"}
  (Session info: chrome=80.0.3987.149)
For documentation on this error, please visit: https://selenium.dev/exceptions/#no_such_element
Build info: version: '4.0.0-alpha-4', revision: 'c2d955b49e'
System info: host: 'LAP-TZD-0X73500', ip: '192.168.0.104', os.name: 'Windows 10', os.arch: 'amd64', os.version: '10.0', java.version: '1.8.0_231'
Driver info: org.openqa.selenium.chrome.ChromeDriver
Capabilities {acceptInsecureCerts: false, browserName: chrome, browserVersion: 80.0.3987.149, chrome: {chromedriverVersion: 79.0.3945.36 (3582db32b3389..., userDataDir: C:\Users\VIDHUK~1.VIK\AppDa...}, goog:chromeOptions: {debuggerAddress: localhost:55019}, javascriptEnabled: true, networkConnectionEnabled: false, pageLoadStrategy: normal, platform: WINDOWS, platformName: WINDOWS, proxy: Proxy(), setWindowRect: true, strictFileInteractability: false, timeouts: {implicit: 0, pageLoad: 300000, script: 30000}, unhandledPromptBehavior: dismiss and notify}
Session ID: 7d95b0baa353f6431a613b647c5fa5da
*** Element info: {Using=xpath, value=//*[@data-auto-id='goToStepThree']}
	at sun.reflect.NativeConstructorAccessorImpl.newInstance0(Native Method)
	at sun.reflect.NativeConstructorAccessorImpl.newInstance(NativeConstructorAccessorImpl.java:62)
	at sun.reflect.DelegatingConstructorAccessorImpl.newInstance(DelegatingConstructorAccessorImpl.java:45)
	at java.lang.reflect.Constructor.newInstance(Constructor.java:423)
	at org.openqa.selenium.remote.codec.w3c.W3CHttpResponseCodec.createException(W3CHttpResponseCodec.java:196)
	at org.openqa.selenium.remote.codec.w3c.W3CHttpResponseCodec.decode(W3CHttpResponseCodec.java:129)
	at org.openqa.selenium.remote.codec.w3c.W3CHttpResponseCodec.decode(W3CHttpResponseCodec.java:53)
	at org.openqa.selenium.remote.HttpCommandExecutor.execute(HttpCommandExecutor.java:161)
	at org.openqa.selenium.remote.service.DriverCommandExecutor.execute(DriverCommandExecutor.java:83)
	at org.openqa.selenium.remote.RemoteWebDriver.execute(RemoteWebDriver.java:582)
	at org.openqa.selenium.remote.RemoteWebDriver.findElement(RemoteWebDriver.java:333)
	at org.openqa.selenium.remote.RemoteWebDriver.findElementByXPath(RemoteWebDriver.java:451)
	at org.openqa.selenium.By$ByXPath.findElement(By.java:394)
	at org.openqa.selenium.remote.RemoteWebDriver.findElement(RemoteWebDriver.java:325)
	at com.racq.pages.CompareTravelInsurancePage.getAMTClickContinue(CompareTravelInsurancePage.java:59)
	at com.racq.tests.RegressionTestCase.testforDomesticAMTYesMedicalCondition(RegressionTestCase.java:150)
	at sun.reflect.NativeMethodAccessorImpl.invoke0(Native Method)
	at sun.reflect.NativeMethodAccessorImpl.invoke(NativeMethodAccessorImpl.java:62)
	at sun.reflect.DelegatingMethodAccessorImpl.invoke(DelegatingMethodAccessorImpl.java:43)
	at java.lang.reflect.Method.invoke(Method.java:498)
	at org.testng.internal.MethodInvocationHelper.invokeMethod(MethodInvocationHelper.java:86)
	at org.testng.internal.Invoker.invokeMethod(Invoker.java:645)
	at org.testng.internal.Invoker.invokeTestMethod(Invoker.java:822)
	at org.testng.internal.Invoker.invokeTestMethods(Invoker.java:1130)
	at org.testng.internal.TestMethodWorker.invokeTestMethods(TestMethodWorker.java:129)
	at org.testng.internal.TestMethodWorker.run(TestMethodWorker.java:112)
	at org.testng.TestRunner.privateRun(TestRunner.java:782)
	at org.testng.TestRunner.run(TestRunner.java:632)
	at org.testng.SuiteRunner.runTest(SuiteRunner.java:366)
	at org.testng.SuiteRunner.runSequentially(SuiteRunner.java:361)
	at org.testng.SuiteRunner.privateRun(SuiteRunner.java:319)
	at org.testng.SuiteRunner.run(SuiteRunner.java:268)
	at org.testng.SuiteRunnerWorker.runSuite(SuiteRunnerWorker.java:52)
	at org.testng.SuiteRunnerWorker.run(SuiteRunnerWorker.java:86)
	at org.testng.TestNG.runSuitesSequentially(TestNG.java:1244)
	at org.testng.TestNG.runSuitesLocally(TestNG.java:1169)
	at org.testng.TestNG.run(TestNG.java:1064)
	at org.testng.remote.RemoteTestNG.run(RemoteTestNG.java:113)
	at org.testng.remote.RemoteTestNG.initAndRun(RemoteTestNG.java:206)
	at org.testng.remote.RemoteTestNG.main(RemoteTestNG.java:177)
]]>
            </full-stacktrace>
          </exception> <!-- org.openqa.selenium.NoSuchElementException -->
          <reporter-output>
          </reporter-output>
        </test-method> <!-- testforDomesticAMTYesMedicalCondition -->
        <test-method status="PASS" signature="refreshBrowser()[pri:0, instance:com.racq.tests.RegressionTestCase@4411d970]" name="refreshBrowser" is-config="true" duration-ms="5660" started-at="2020-04-01T16:28:29Z" finished-at="2020-04-01T16:28:35Z">
          <reporter-output>
          </reporter-output>
        </test-method> <!-- refreshBrowser -->
        <test-method status="PASS" signature="openurl()[pri:0, instance:com.racq.tests.RegressionTestCase@4411d970]" name="openurl" is-config="true" duration-ms="5527" started-at="2020-04-01T16:28:35Z" finished-at="2020-04-01T16:28:40Z">
          <reporter-output>
          </reporter-output>
        </test-method> <!-- openurl -->
        <test-method status="PASS" signature="testforDomesticSingleTripNoMedicalCondition()[pri:0, instance:com.racq.tests.RegressionTestCase@4411d970]" name="testforDomesticSingleTripNoMedicalCondition" duration-ms="312657" started-at="2020-04-01T16:28:40Z" finished-at="2020-04-01T16:33:53Z">
          <reporter-output>
          </reporter-output>
        </test-method> <!-- testforDomesticSingleTripNoMedicalCondition -->
        <test-method status="PASS" signature="refreshBrowser()[pri:0, instance:com.racq.tests.RegressionTestCase@4411d970]" name="refreshBrowser" is-config="true" duration-ms="5634" started-at="2020-04-01T16:33:53Z" finished-at="2020-04-01T16:33:59Z">
          <reporter-output>
          </reporter-output>
        </test-method> <!-- refreshBrowser -->
        <test-method status="PASS" signature="aftersuite()[pri:0, instance:com.racq.tests.RegressionTestCase@4411d970]" name="aftersuite" is-config="true" duration-ms="0" started-at="2020-04-01T16:33:59Z" finished-at="2020-04-01T16:33:59Z">
          <reporter-output>
          </reporter-output>
        </test-method> <!-- aftersuite -->
      </class> <!-- com.racq.tests.RegressionTestCase -->
    </test> <!-- Default test -->
  </suite> <!-- Default suite -->
</testng-results>
