<?xml version="1.0" encoding="UTF-8"?>
<!-- Generated by org.testng.reporters.JUnitReportReporter -->
<testsuite skipped="24" hostname="LAP-TZD-1x74463" name="com.racv.tests.DetailPageFieldValidationTest" tests="25" failures="0" timestamp="14 Feb 2020 16:52:04 GMT" time="60.049" errors="1">
  <testcase name="testBlankFieldForEmail" time="0.000" classname="com.racv.tests.DetailPageFieldValidationTest">
    <skipped/>
  </testcase> <!-- testBlankFieldForEmail -->
  <testcase name="testBlankFieldForSecondarytravellerDOB" time="0.000" classname="com.racv.tests.DetailPageFieldValidationTest">
    <skipped/>
  </testcase> <!-- testBlankFieldForSecondarytravellerDOB -->
  <testcase name="testBlankFieldForStreet" time="0.000" classname="com.racv.tests.DetailPageFieldValidationTest">
    <skipped/>
  </testcase> <!-- testBlankFieldForStreet -->
  <testcase name="getPrimaryAgeDetails18to85SkiWinterSPorts" time="0.000" classname="com.racv.tests.DetailPageFieldValidationTest">
    <skipped/>
  </testcase> <!-- getPrimaryAgeDetails18to85SkiWinterSPorts -->
  <testcase name="testEditCancel" time="0.000" classname="com.racv.tests.DetailPageFieldValidationTest">
    <skipped/>
  </testcase> <!-- testEditCancel -->
  <testcase name="testEditQuoteSummary" time="0.000" classname="com.racv.tests.DetailPageFieldValidationTest">
    <skipped/>
  </testcase> <!-- testEditQuoteSummary -->
  <testcase name="testAddDependent" time="0.000" classname="com.racv.tests.DetailPageFieldValidationTest">
    <skipped/>
  </testcase> <!-- testAddDependent -->
  <testcase name="testInvalidPinCode" time="0.000" classname="com.racv.tests.DetailPageFieldValidationTest">
    <skipped/>
  </testcase> <!-- testInvalidPinCode -->
  <testcase name="getSecondaryAgeDetails18to85SkiWinterSPorts" time="0.000" classname="com.racv.tests.DetailPageFieldValidationTest">
    <skipped/>
  </testcase> <!-- getSecondaryAgeDetails18to85SkiWinterSPorts -->
  <testcase name="testForMisMatchOfEmailAndConfirmEmail" time="0.000" classname="com.racv.tests.DetailPageFieldValidationTest">
    <skipped/>
  </testcase> <!-- testForMisMatchOfEmailAndConfirmEmail -->
  <testcase name="testBlankFieldForPhoneNo" time="0.000" classname="com.racv.tests.DetailPageFieldValidationTest">
    <skipped/>
  </testcase> <!-- testBlankFieldForPhoneNo -->
  <testcase name="testForInvalidConFirmEmailFormat" time="0.000" classname="com.racv.tests.DetailPageFieldValidationTest">
    <skipped/>
  </testcase> <!-- testForInvalidConFirmEmailFormat -->
  <testcase name="testForInvalidEmailFormat" time="0.000" classname="com.racv.tests.DetailPageFieldValidationTest">
    <skipped/>
  </testcase> <!-- testForInvalidEmailFormat -->
  <testcase name="testBlankFieldForPrimarytravellerDOB" time="0.000" classname="com.racv.tests.DetailPageFieldValidationTest">
    <skipped/>
  </testcase> <!-- testBlankFieldForPrimarytravellerDOB -->
  <testcase name="testBlankFieldForPinCode" time="0.000" classname="com.racv.tests.DetailPageFieldValidationTest">
    <skipped/>
  </testcase> <!-- testBlankFieldForPinCode -->
  <testcase name="testBlankFieldForPrimarytravellerLasttName" time="0.000" classname="com.racv.tests.DetailPageFieldValidationTest">
    <skipped/>
  </testcase> <!-- testBlankFieldForPrimarytravellerLasttName -->
  <testcase name="testBlankFieldForSuburb" time="0.000" classname="com.racv.tests.DetailPageFieldValidationTest">
    <skipped/>
  </testcase> <!-- testBlankFieldForSuburb -->
  <testcase name="testBlankFieldForPrimarytravellerFirstName" time="0.000" classname="com.racv.tests.DetailPageFieldValidationTest">
    <skipped/>
  </testcase> <!-- testBlankFieldForPrimarytravellerFirstName -->
  <testcase name="testBlankFieldForConfirmEmail" time="0.000" classname="com.racv.tests.DetailPageFieldValidationTest">
    <skipped/>
  </testcase> <!-- testBlankFieldForConfirmEmail -->
  <testcase name="testBlankFieldForSecondarytravellerFirstName" time="0.000" classname="com.racv.tests.DetailPageFieldValidationTest">
    <skipped/>
  </testcase> <!-- testBlankFieldForSecondarytravellerFirstName -->
  <testcase name="testDeleteDependent" time="0.000" classname="com.racv.tests.DetailPageFieldValidationTest">
    <skipped/>
  </testcase> <!-- testDeleteDependent -->
  <testcase name="testBlankFieldForSecondarytravellerLastName" time="0.000" classname="com.racv.tests.DetailPageFieldValidationTest">
    <skipped/>
  </testcase> <!-- testBlankFieldForSecondarytravellerLastName -->
  <testcase name="getSendEmail" time="0.000" classname="com.racv.tests.DetailPageFieldValidationTest">
    <skipped/>
  </testcase> <!-- getSendEmail -->
  <testcase name="testForInvalidMobileNo" time="0.000" classname="com.racv.tests.DetailPageFieldValidationTest">
    <skipped/>
  </testcase> <!-- testForInvalidMobileNo -->
  <testcase name="openurl" time="60.049" classname="com.racv.tests.DetailPageFieldValidationTest">
    <error type="org.openqa.selenium.remote.UnreachableBrowserException" message="Error communicating with the remote browser. It may have died.
Build info: version: &#039;4.0.0-alpha-4&#039;, revision: &#039;c2d955b49e&#039;
System info: host: &#039;LAP-TZD-1X74463&#039;, ip: &#039;172.19.201.102&#039;, os.name: &#039;Windows 10&#039;, os.arch: &#039;amd64&#039;, os.version: &#039;10.0&#039;, java.version: &#039;1.8.0_151&#039;
Driver info: driver.version: RemoteWebDriver
Capabilities {acceptInsecureCerts: false, browserName: chrome, browserVersion: 80.0.3987.106, chrome: {chromedriverVersion: 79.0.3945.36 (3582db32b3389..., userDataDir: C:\Users\SHIVAM~1.MAL\AppDa...}, goog:chromeOptions: {debuggerAddress: localhost:50672}, javascriptEnabled: true, networkConnectionEnabled: false, pageLoadStrategy: normal, platform: WINDOWS, platformName: WINDOWS, proxy: Proxy(), setWindowRect: true, strictFileInteractability: false, timeouts: {implicit: 0, pageLoad: 300000, script: 30000}, unhandledPromptBehavior: dismiss and notify}
Session ID: 6716a2a3d410d279f07175db6b29520b">
      <![CDATA[org.openqa.selenium.remote.UnreachableBrowserException: Error communicating with the remote browser. It may have died.
Build info: version: '4.0.0-alpha-4', revision: 'c2d955b49e'
System info: host: 'LAP-TZD-1X74463', ip: '172.19.201.102', os.name: 'Windows 10', os.arch: 'amd64', os.version: '10.0', java.version: '1.8.0_151'
Driver info: driver.version: RemoteWebDriver
Capabilities {acceptInsecureCerts: false, browserName: chrome, browserVersion: 80.0.3987.106, chrome: {chromedriverVersion: 79.0.3945.36 (3582db32b3389..., userDataDir: C:\Users\SHIVAM~1.MAL\AppDa...}, goog:chromeOptions: {debuggerAddress: localhost:50672}, javascriptEnabled: true, networkConnectionEnabled: false, pageLoadStrategy: normal, platform: WINDOWS, platformName: WINDOWS, proxy: Proxy(), setWindowRect: true, strictFileInteractability: false, timeouts: {implicit: 0, pageLoad: 300000, script: 30000}, unhandledPromptBehavior: dismiss and notify}
Session ID: 6716a2a3d410d279f07175db6b29520b
	at org.openqa.selenium.remote.RemoteWebDriver.execute(RemoteWebDriver.java:603)
	at org.openqa.selenium.remote.RemoteWebDriver.get(RemoteWebDriver.java:282)
	at com.racv.tests.DetailPageFieldValidationTest.openurl(DetailPageFieldValidationTest.java:23)
	at sun.reflect.NativeMethodAccessorImpl.invoke0(Native Method)
	at sun.reflect.NativeMethodAccessorImpl.invoke(NativeMethodAccessorImpl.java:62)
	at sun.reflect.DelegatingMethodAccessorImpl.invoke(DelegatingMethodAccessorImpl.java:43)
	at java.lang.reflect.Method.invoke(Method.java:498)
	at org.testng.internal.MethodInvocationHelper.invokeMethod(MethodInvocationHelper.java:108)
	at org.testng.internal.Invoker.invokeConfigurationMethod(Invoker.java:523)
	at org.testng.internal.Invoker.invokeConfigurations(Invoker.java:224)
	at org.testng.internal.Invoker.invokeMethod(Invoker.java:599)
	at org.testng.internal.Invoker.invokeTestMethod(Invoker.java:869)
	at org.testng.internal.Invoker.invokeTestMethods(Invoker.java:1193)
	at org.testng.internal.TestMethodWorker.invokeTestMethods(TestMethodWorker.java:126)
	at org.testng.internal.TestMethodWorker.run(TestMethodWorker.java:109)
	at org.testng.TestRunner.privateRun(TestRunner.java:744)
	at org.testng.TestRunner.run(TestRunner.java:602)
	at org.testng.SuiteRunner.runTest(SuiteRunner.java:380)
	at org.testng.SuiteRunner.runSequentially(SuiteRunner.java:375)
	at org.testng.SuiteRunner.privateRun(SuiteRunner.java:340)
	at org.testng.SuiteRunner.run(SuiteRunner.java:289)
	at org.testng.SuiteRunnerWorker.runSuite(SuiteRunnerWorker.java:52)
	at org.testng.SuiteRunnerWorker.run(SuiteRunnerWorker.java:86)
	at org.testng.TestNG.runSuitesSequentially(TestNG.java:1301)
	at org.testng.TestNG.runSuitesLocally(TestNG.java:1226)
	at org.testng.TestNG.runSuites(TestNG.java:1144)
	at org.testng.TestNG.run(TestNG.java:1115)
	at org.testng.remote.AbstractRemoteTestNG.run(AbstractRemoteTestNG.java:132)
	at org.testng.remote.RemoteTestNG.initAndRun(RemoteTestNG.java:230)
	at org.testng.remote.RemoteTestNG.main(RemoteTestNG.java:76)
Caused by: java.lang.RuntimeException: NettyHttpHandler request execution error
	at org.openqa.selenium.remote.http.netty.NettyHttpHandler.makeCall(NettyHttpHandler.java:61)
	at org.openqa.selenium.remote.http.AddSeleniumUserAgent.lambda$apply$0(AddSeleniumUserAgent.java:42)
	at org.openqa.selenium.remote.http.Filter.lambda$andFinally$1(Filter.java:55)
	at org.openqa.selenium.remote.http.netty.NettyHttpHandler.execute(NettyHttpHandler.java:45)
	at org.openqa.selenium.remote.http.AddSeleniumUserAgent.lambda$apply$0(AddSeleniumUserAgent.java:42)
	at org.openqa.selenium.remote.http.Filter.lambda$andFinally$1(Filter.java:55)
	at org.openqa.selenium.remote.http.netty.NettyClient.execute(NettyClient.java:43)
	at org.openqa.selenium.remote.HttpCommandExecutor.execute(HttpCommandExecutor.java:158)
	at org.openqa.selenium.remote.service.DriverCommandExecutor.execute(DriverCommandExecutor.java:83)
	at org.openqa.selenium.remote.RemoteWebDriver.execute(RemoteWebDriver.java:582)
	... 29 more
Caused by: java.util.concurrent.ExecutionException: java.util.concurrent.TimeoutException: Request timeout to localhost/127.0.0.1:37352 after 60000 ms
	at java.util.concurrent.CompletableFuture.reportGet(CompletableFuture.java:357)
	at java.util.concurrent.CompletableFuture.get(CompletableFuture.java:1895)
	at org.asynchttpclient.netty.NettyResponseFuture.get(NettyResponseFuture.java:201)
	at org.openqa.selenium.remote.http.netty.NettyHttpHandler.makeCall(NettyHttpHandler.java:55)
	... 38 more
Caused by: java.util.concurrent.TimeoutException: Request timeout to localhost/127.0.0.1:37352 after 60000 ms
	at org.asynchttpclient.netty.timeout.TimeoutTimerTask.expire(TimeoutTimerTask.java:43)
	at org.asynchttpclient.netty.timeout.RequestTimeoutTimerTask.run(RequestTimeoutTimerTask.java:50)
	at io.netty.util.HashedWheelTimer$HashedWheelTimeout.expire(HashedWheelTimer.java:680)
	at io.netty.util.HashedWheelTimer$HashedWheelBucket.expireTimeouts(HashedWheelTimer.java:755)
	at io.netty.util.HashedWheelTimer$Worker.run(HashedWheelTimer.java:483)
	at io.netty.util.concurrent.FastThreadLocalRunnable.run(FastThreadLocalRunnable.java:30)
	at java.lang.Thread.run(Thread.java:748)
]]>
    </error>
  </testcase> <!-- openurl -->
</testsuite> <!-- com.racv.tests.DetailPageFieldValidationTest -->
